<?xml version="1.0" encoding="UTF-8"?>
<!-- Generated by org.testng.reporters.JUnitReportReporter -->
<testsuite hostname="HP" failures="0" tests="2" name="pomPolicyBazaarnew.validatePolicyUserNameusing" time="0.016" errors="1" timestamp="2023-06-28T22:05:35 IST" skipped="1">
  <testcase classname="pomPolicyBazaarnew.validatePolicyUserNameusing" name="validateUserName" time="0.000">
    <skipped/>
  </testcase> <!-- validateUserName -->
  <testcase classname="pomPolicyBazaarnew.validatePolicyUserNameusing" name="launchPolicyBazaar" time="0.016">
    <error type="java.lang.StackOverflowError">
      <![CDATA[java.lang.StackOverflowError
at pomPolicyBazaarnew.validatePolicyUserNameusing.launchPolicyBazaar(validatePolicyUserNameusing.java:33)
at pomPolicyBazaarnew.validatePolicyUserNameusing.launchPolicyBazaar(validatePolicyUserNameusing.java:33)
at pomPolicyBazaarnew.validatePolicyUserNameusing.launchPolicyBazaar(validatePolicyUserNameusing.java:33)
at pomPolicyBazaarnew.validatePolicyUserNameusing.launchPolicyBazaar(validatePolicyUserNameusing.java:33)
at pomPolicyBazaarnew.validatePolicyUserNameusing.launchPolicyBazaar(validatePolicyUserNameusing.java:33)
at pomPolicyBazaarnew.validatePolicyUserNameusing.launchPolicyBazaar(validatePolicyUserNameusing.java:33)
at pomPolicyBazaarnew.validatePolicyUserNameusing.launchPolicyBazaar(validatePolicyUserNameusing.java:33)
at pomPolicyBazaarnew.validatePolicyUserNameusing.launchPolicyBazaar(validatePolicyUserNameusing.java:33)
at pomPolicyBazaarnew.validatePolicyUserNameusing.launchPolicyBazaar(validatePolicyUserNameusing.java:33)
at pomPolicyBazaarnew.validatePolicyUserNameusing.launchPolicyBazaar(validatePolicyUserNameusing.java:33)
at pomPolicyBazaarnew.validatePolicyUserNameusing.launchPolicyBazaar(validatePolicyUserNameusing.java:33)
at pomPolicyBazaarnew.validatePolicyUserNameusing.launchPolicyBazaar(validatePolicyUserNameusing.java:33)
at pomPolicyBazaarnew.validatePolicyUserNameusing.launchPolicyBazaar(validatePolicyUserNameusing.java:33)
at pomPolicyBazaarnew.validatePolicyUserNameusing.launchPolicyBazaar(validatePolicyUserNameusing.java:33)
at pomPolicyBazaarnew.validatePolicyUserNameusing.launchPolicyBazaar(validatePolicyUserNameusing.java:33)
at pomPolicyBazaarnew.validatePolicyUserNameusing.launchPolicyBazaar(validatePolicyUserNameusing.java:33)
at pomPolicyBazaarnew.validatePolicyUserNameusing.launchPolicyBazaar(validatePolicyUserNameusing.java:33)
at pomPolicyBazaarnew.validatePolicyUserNameusing.launchPolicyBazaar(validatePolicyUserNameusing.java:33)
at pomPolicyBazaarnew.validatePolicyUserNameusing.launchPolicyBazaar(validatePolicyUserNameusing.java:33)
at pomPolicyBazaarnew.validatePolicyUserNameusing.launchPolicyBazaar(validatePolicyUserNameusing.java:33)
at pomPolicyBazaarnew.validatePolicyUserNameusing.launchPolicyBazaar(validatePolicyUserNameusing.java:33)
at pomPolicyBazaarnew.validatePolicyUserNameusing.launchPolicyBazaar(validatePolicyUserNameusing.java:33)
at pomPolicyBazaarnew.validatePolicyUserNameusing.launchPolicyBazaar(validatePolicyUserNameusing.java:33)
at pomPolicyBazaarnew.validatePolicyUserNameusing.launchPolicyBazaar(validatePolicyUserNameusing.java:33)
at pomPolicyBazaarnew.validatePolicyUserNameusing.launchPolicyBazaar(validatePolicyUserNameusing.java:33)
at pomPolicyBazaarnew.validatePolicyUserNameusing.launchPolicyBazaar(validatePolicyUserNameusing.java:33)
at pomPolicyBazaarnew.validatePolicyUserNameusing.launchPolicyBazaar(validatePolicyUserNameusing.java:33)
at pomPolicyBazaarnew.validatePolicyUserNameusing.launchPolicyBazaar(validatePolicyUserNameusing.java:33)
at pomPolicyBazaarnew.validatePolicyUserNameusing.launchPolicyBazaar(validatePolicyUserNameusing.java:33)
at pomPolicyBazaarnew.validatePolicyUserNameusing.launchPolicyBazaar(validatePolicyUserNameusing.java:33)
at pomPolicyBazaarnew.validatePolicyUserNameusing.launchPolicyBazaar(validatePolicyUserNameusing.java:33)
at pomPolicyBazaarnew.validatePolicyUserNameusing.launchPolicyBazaar(validatePolicyUserNameusing.java:33)
at pomPolicyBazaarnew.validatePolicyUserNameusing.launchPolicyBazaar(validatePolicyUserNameusing.java:33)
at pomPolicyBazaarnew.validatePolicyUserNameusing.launchPolicyBazaar(validatePolicyUserNameusing.java:33)
at pomPolicyBazaarnew.validatePolicyUserNameusing.launchPolicyBazaar(validatePolicyUserNameusing.java:33)
at pomPolicyBazaarnew.validatePolicyUserNameusing.launchPolicyBazaar(validatePolicyUserNameusing.java:33)
at pomPolicyBazaarnew.validatePolicyUserNameusing.launchPolicyBazaar(validatePolicyUserNameusing.java:33)
at pomPolicyBazaarnew.validatePolicyUserNameusing.launchPolicyBazaar(validatePolicyUserNameusing.java:33)
at pomPolicyBazaarnew.validatePolicyUserNameusing.launchPolicyBazaar(validatePolicyUserNameusing.java:33)
at pomPolicyBazaarnew.validatePolicyUserNameusing.launchPolicyBazaar(validatePolicyUserNameusing.java:33)
at pomPolicyBazaarnew.validatePolicyUserNameusing.launchPolicyBazaar(validatePolicyUserNameusing.java:33)
at pomPolicyBazaarnew.validatePolicyUserNameusing.launchPolicyBazaar(validatePolicyUserNameusing.java:33)
at pomPolicyBazaarnew.validatePolicyUserNameusing.launchPolicyBazaar(validatePolicyUserNameusing.java:33)
at pomPolicyBazaarnew.validatePolicyUserNameusing.launchPolicyBazaar(validatePolicyUserNameusing.java:33)
at pomPolicyBazaarnew.validatePolicyUserNameusing.launchPolicyBazaar(validatePolicyUserNameusing.java:33)
at pomPolicyBazaarnew.validatePolicyUserNameusing.launchPolicyBazaar(validatePolicyUserNameusing.java:33)
at pomPolicyBazaarnew.validatePolicyUserNameusing.launchPolicyBazaar(validatePolicyUserNameusing.java:33)
at pomPolicyBazaarnew.validatePolicyUserNameusing.launchPolicyBazaar(validatePolicyUserNameusing.java:33)
at pomPolicyBazaarnew.validatePolicyUserNameusing.launchPolicyBazaar(validatePolicyUserNameusing.java:33)
at pomPolicyBazaarnew.validatePolicyUserNameusing.launchPolicyBazaar(validatePolicyUserNameusing.java:33)
at pomPolicyBazaarnew.validatePolicyUserNameusing.launchPolicyBazaar(validatePolicyUserNameusing.java:33)
at pomPolicyBazaarnew.validatePolicyUserNameusing.launchPolicyBazaar(validatePolicyUserNameusing.java:33)
at pomPolicyBazaarnew.validatePolicyUserNameusing.launchPolicyBazaar(validatePolicyUserNameusing.java:33)
at pomPolicyBazaarnew.validatePolicyUserNameusing.launchPolicyBazaar(validatePolicyUserNameusing.java:33)
at pomPolicyBazaarnew.validatePolicyUserNameusing.launchPolicyBazaar(validatePolicyUserNameusing.java:33)
at pomPolicyBazaarnew.validatePolicyUserNameusing.launchPolicyBazaar(validatePolicyUserNameusing.java:33)
at pomPolicyBazaarnew.validatePolicyUserNameusing.launchPolicyBazaar(validatePolicyUserNameusing.java:33)
at pomPolicyBazaarnew.validatePolicyUserNameusing.launchPolicyBazaar(validatePolicyUserNameusing.java:33)
at pomPolicyBazaarnew.validatePolicyUserNameusing.launchPolicyBazaar(validatePolicyUserNameusing.java:33)
at pomPolicyBazaarnew.validatePolicyUserNameusing.launchPolicyBazaar(validatePolicyUserNameusing.java:33)
at pomPolicyBazaarnew.validatePolicyUserNameusing.launchPolicyBazaar(validatePolicyUserNameusing.java:33)
at pomPolicyBazaarnew.validatePolicyUserNameusing.launchPolicyBazaar(validatePolicyUserNameusing.java:33)
at pomPolicyBazaarnew.validatePolicyUserNameusing.launchPolicyBazaar(validatePolicyUserNameusing.java:33)
at pomPolicyBazaarnew.validatePolicyUserNameusing.launchPolicyBazaar(validatePolicyUserNameusing.java:33)
at pomPolicyBazaarnew.validatePolicyUserNameusing.launchPolicyBazaar(validatePolicyUserNameusing.java:33)
at pomPolicyBazaarnew.validatePolicyUserNameusing.launchPolicyBazaar(validatePolicyUserNameusing.java:33)
at pomPolicyBazaarnew.validatePolicyUserNameusing.launchPolicyBazaar(validatePolicyUserNameusing.java:33)
at pomPolicyBazaarnew.validatePolicyUserNameusing.launchPolicyBazaar(validatePolicyUserNameusing.java:33)
at pomPolicyBazaarnew.validatePolicyUserNameusing.launchPolicyBazaar(validatePolicyUserNameusing.java:33)
at pomPolicyBazaarnew.validatePolicyUserNameusing.launchPolicyBazaar(validatePolicyUserNameusing.java:33)
at pomPolicyBazaarnew.validatePolicyUserNameusing.launchPolicyBazaar(validatePolicyUserNameusing.java:33)
at pomPolicyBazaarnew.validatePolicyUserNameusing.launchPolicyBazaar(validatePolicyUserNameusing.java:33)
at pomPolicyBazaarnew.validatePolicyUserNameusing.launchPolicyBazaar(validatePolicyUserNameusing.java:33)
at pomPolicyBazaarnew.validatePolicyUserNameusing.launchPolicyBazaar(validatePolicyUserNameusing.java:33)
at pomPolicyBazaarnew.validatePolicyUserNameusing.launchPolicyBazaar(validatePolicyUserNameusing.java:33)
at pomPolicyBazaarnew.validatePolicyUserNameusing.launchPolicyBazaar(validatePolicyUserNameusing.java:33)
at pomPolicyBazaarnew.validatePolicyUserNameusing.launchPolicyBazaar(validatePolicyUserNameusing.java:33)
at pomPolicyBazaarnew.validatePolicyUserNameusing.launchPolicyBazaar(validatePolicyUserNameusing.java:33)
at pomPolicyBazaarnew.validatePolicyUserNameusing.launchPolicyBazaar(validatePolicyUserNameusing.java:33)
at pomPolicyBazaarnew.validatePolicyUserNameusing.launchPolicyBazaar(validatePolicyUserNameusing.java:33)
at pomPolicyBazaarnew.validatePolicyUserNameusing.launchPolicyBazaar(validatePolicyUserNameusing.java:33)
at pomPolicyBazaarnew.validatePolicyUserNameusing.launchPolicyBazaar(validatePolicyUserNameusing.java:33)
at pomPolicyBazaarnew.validatePolicyUserNameusing.launchPolicyBazaar(validatePolicyUserNameusing.java:33)
at pomPolicyBazaarnew.validatePolicyUserNameusing.launchPolicyBazaar(validatePolicyUserNameusing.java:33)
at pomPolicyBazaarnew.validatePolicyUserNameusing.launchPolicyBazaar(validatePolicyUserNameusing.java:33)
at pomPolicyBazaarnew.validatePolicyUserNameusing.launchPolicyBazaar(validatePolicyUserNameusing.java:33)
at pomPolicyBazaarnew.validatePolicyUserNameusing.launchPolicyBazaar(validatePolicyUserNameusing.java:33)
at pomPolicyBazaarnew.validatePolicyUserNameusing.launchPolicyBazaar(validatePolicyUserNameusing.java:33)
at pomPolicyBazaarnew.validatePolicyUserNameusing.launchPolicyBazaar(validatePolicyUserNameusing.java:33)
at pomPolicyBazaarnew.validatePolicyUserNameusing.launchPolicyBazaar(validatePolicyUserNameusing.java:33)
at pomPolicyBazaarnew.validatePolicyUserNameusing.launchPolicyBazaar(validatePolicyUserNameusing.java:33)
at pomPolicyBazaarnew.validatePolicyUserNameusing.launchPolicyBazaar(validatePolicyUserNameusing.java:33)
at pomPolicyBazaarnew.validatePolicyUserNameusing.launchPolicyBazaar(validatePolicyUserNameusing.java:33)
at pomPolicyBazaarnew.validatePolicyUserNameusing.launchPolicyBazaar(validatePolicyUserNameusing.java:33)
at pomPolicyBazaarnew.validatePolicyUserNameusing.launchPolicyBazaar(validatePolicyUserNameusing.java:33)
at pomPolicyBazaarnew.validatePolicyUserNameusing.launchPolicyBazaar(validatePolicyUserNameusing.java:33)
at pomPolicyBazaarnew.validatePolicyUserNameusing.launchPolicyBazaar(validatePolicyUserNameusing.java:33)
at pomPolicyBazaarnew.validatePolicyUserNameusing.launchPolicyBazaar(validatePolicyUserNameusing.java:33)
at pomPolicyBazaarnew.validatePolicyUserNameusing.launchPolicyBazaar(validatePolicyUserNameusing.java:33)
at pomPolicyBazaarnew.validatePolicyUserNameusing.launchPolicyBazaar(validatePolicyUserNameusing.java:33)
at pomPolicyBazaarnew.validatePolicyUserNameusing.launchPolicyBazaar(validatePolicyUserNameusing.java:33)
at pomPolicyBazaarnew.validatePolicyUserNameusing.launchPolicyBazaar(validatePolicyUserNameusing.java:33)
at pomPolicyBazaarnew.validatePolicyUserNameusing.launchPolicyBazaar(validatePolicyUserNameusing.java:33)
at pomPolicyBazaarnew.validatePolicyUserNameusing.launchPolicyBazaar(validatePolicyUserNameusing.java:33)
at pomPolicyBazaarnew.validatePolicyUserNameusing.launchPolicyBazaar(validatePolicyUserNameusing.java:33)
at pomPolicyBazaarnew.validatePolicyUserNameusing.launchPolicyBazaar(validatePolicyUserNameusing.java:33)
at pomPolicyBazaarnew.validatePolicyUserNameusing.launchPolicyBazaar(validatePolicyUserNameusing.java:33)
at pomPolicyBazaarnew.validatePolicyUserNameusing.launchPolicyBazaar(validatePolicyUserNameusing.java:33)
at pomPolicyBazaarnew.validatePolicyUserNameusing.launchPolicyBazaar(validatePolicyUserNameusing.java:33)
at pomPolicyBazaarnew.validatePolicyUserNameusing.launchPolicyBazaar(validatePolicyUserNameusing.java:33)
at pomPolicyBazaarnew.validatePolicyUserNameusing.launchPolicyBazaar(validatePolicyUserNameusing.java:33)
at pomPolicyBazaarnew.validatePolicyUserNameusing.launchPolicyBazaar(validatePolicyUserNameusing.java:33)
at pomPolicyBazaarnew.validatePolicyUserNameusing.launchPolicyBazaar(validatePolicyUserNameusing.java:33)
at pomPolicyBazaarnew.validatePolicyUserNameusing.launchPolicyBazaar(validatePolicyUserNameusing.java:33)
at pomPolicyBazaarnew.validatePolicyUserNameusing.launchPolicyBazaar(validatePolicyUserNameusing.java:33)
at pomPolicyBazaarnew.validatePolicyUserNameusing.launchPolicyBazaar(validatePolicyUserNameusing.java:33)
at pomPolicyBazaarnew.validatePolicyUserNameusing.launchPolicyBazaar(validatePolicyUserNameusing.java:33)
at pomPolicyBazaarnew.validatePolicyUserNameusing.launchPolicyBazaar(validatePolicyUserNameusing.java:33)
at pomPolicyBazaarnew.validatePolicyUserNameusing.launchPolicyBazaar(validatePolicyUserNameusing.java:33)
at pomPolicyBazaarnew.validatePolicyUserNameusing.launchPolicyBazaar(validatePolicyUserNameusing.java:33)
at pomPolicyBazaarnew.validatePolicyUserNameusing.launchPolicyBazaar(validatePolicyUserNameusing.java:33)
at pomPolicyBazaarnew.validatePolicyUserNameusing.launchPolicyBazaar(validatePolicyUserNameusing.java:33)
at pomPolicyBazaarnew.validatePolicyUserNameusing.launchPolicyBazaar(validatePolicyUserNameusing.java:33)
at pomPolicyBazaarnew.validatePolicyUserNameusing.launchPolicyBazaar(validatePolicyUserNameusing.java:33)
at pomPolicyBazaarnew.validatePolicyUserNameusing.launchPolicyBazaar(validatePolicyUserNameusing.java:33)
at pomPolicyBazaarnew.validatePolicyUserNameusing.launchPolicyBazaar(validatePolicyUserNameusing.java:33)
at pomPolicyBazaarnew.validatePolicyUserNameusing.launchPolicyBazaar(validatePolicyUserNameusing.java:33)
at pomPolicyBazaarnew.validatePolicyUserNameusing.launchPolicyBazaar(validatePolicyUserNameusing.java:33)
at pomPolicyBazaarnew.validatePolicyUserNameusing.launchPolicyBazaar(validatePolicyUserNameusing.java:33)
at pomPolicyBazaarnew.validatePolicyUserNameusing.launchPolicyBazaar(validatePolicyUserNameusing.java:33)
at pomPolicyBazaarnew.validatePolicyUserNameusing.launchPolicyBazaar(validatePolicyUserNameusing.java:33)
at pomPolicyBazaarnew.validatePolicyUserNameusing.launchPolicyBazaar(validatePolicyUserNameusing.java:33)
at pomPolicyBazaarnew.validatePolicyUserNameusing.launchPolicyBazaar(validatePolicyUserNameusing.java:33)
at pomPolicyBazaarnew.validatePolicyUserNameusing.launchPolicyBazaar(validatePolicyUserNameusing.java:33)
at pomPolicyBazaarnew.validatePolicyUserNameusing.launchPolicyBazaar(validatePolicyUserNameusing.java:33)
at pomPolicyBazaarnew.validatePolicyUserNameusing.launchPolicyBazaar(validatePolicyUserNameusing.java:33)
at pomPolicyBazaarnew.validatePolicyUserNameusing.launchPolicyBazaar(validatePolicyUserNameusing.java:33)
at pomPolicyBazaarnew.validatePolicyUserNameusing.launchPolicyBazaar(validatePolicyUserNameusing.java:33)
at pomPolicyBazaarnew.validatePolicyUserNameusing.launchPolicyBazaar(validatePolicyUserNameusing.java:33)
at pomPolicyBazaarnew.validatePolicyUserNameusing.launchPolicyBazaar(validatePolicyUserNameusing.java:33)
at pomPolicyBazaarnew.validatePolicyUserNameusing.launchPolicyBazaar(validatePolicyUserNameusing.java:33)
at pomPolicyBazaarnew.validatePolicyUserNameusing.launchPolicyBazaar(validatePolicyUserNameusing.java:33)
at pomPolicyBazaarnew.validatePolicyUserNameusing.launchPolicyBazaar(validatePolicyUserNameusing.java:33)
at pomPolicyBazaarnew.validatePolicyUserNameusing.launchPolicyBazaar(validatePolicyUserNameusing.java:33)
at pomPolicyBazaarnew.validatePolicyUserNameusing.launchPolicyBazaar(validatePolicyUserNameusing.java:33)
at pomPolicyBazaarnew.validatePolicyUserNameusing.launchPolicyBazaar(validatePolicyUserNameusing.java:33)
at pomPolicyBazaarnew.validatePolicyUserNameusing.launchPolicyBazaar(validatePolicyUserNameusing.java:33)
at pomPolicyBazaarnew.validatePolicyUserNameusing.launchPolicyBazaar(validatePolicyUserNameusing.java:33)
at pomPolicyBazaarnew.validatePolicyUserNameusing.launchPolicyBazaar(validatePolicyUserNameusing.java:33)
at pomPolicyBazaarnew.validatePolicyUserNameusing.launchPolicyBazaar(validatePolicyUserNameusing.java:33)
at pomPolicyBazaarnew.validatePolicyUserNameusing.launchPolicyBazaar(validatePolicyUserNameusing.java:33)
at pomPolicyBazaarnew.validatePolicyUserNameusing.launchPolicyBazaar(validatePolicyUserNameusing.java:33)
at pomPolicyBazaarnew.validatePolicyUserNameusing.launchPolicyBazaar(validatePolicyUserNameusing.java:33)
at pomPolicyBazaarnew.validatePolicyUserNameusing.launchPolicyBazaar(validatePolicyUserNameusing.java:33)
at pomPolicyBazaarnew.validatePolicyUserNameusing.launchPolicyBazaar(validatePolicyUserNameusing.java:33)
at pomPolicyBazaarnew.validatePolicyUserNameusing.launchPolicyBazaar(validatePolicyUserNameusing.java:33)
at pomPolicyBazaarnew.validatePolicyUserNameusing.launchPolicyBazaar(validatePolicyUserNameusing.java:33)
at pomPolicyBazaarnew.validatePolicyUserNameusing.launchPolicyBazaar(validatePolicyUserNameusing.java:33)
at pomPolicyBazaarnew.validatePolicyUserNameusing.launchPolicyBazaar(validatePolicyUserNameusing.java:33)
at pomPolicyBazaarnew.validatePolicyUserNameusing.launchPolicyBazaar(validatePolicyUserNameusing.java:33)
at pomPolicyBazaarnew.validatePolicyUserNameusing.launchPolicyBazaar(validatePolicyUserNameusing.java:33)
at pomPolicyBazaarnew.validatePolicyUserNameusing.launchPolicyBazaar(validatePolicyUserNameusing.java:33)
at pomPolicyBazaarnew.validatePolicyUserNameusing.launchPolicyBazaar(validatePolicyUserNameusing.java:33)
at pomPolicyBazaarnew.validatePolicyUserNameusing.launchPolicyBazaar(validatePolicyUserNameusing.java:33)
at pomPolicyBazaarnew.validatePolicyUserNameusing.launchPolicyBazaar(validatePolicyUserNameusing.java:33)
at pomPolicyBazaarnew.validatePolicyUserNameusing.launchPolicyBazaar(validatePolicyUserNameusing.java:33)
at pomPolicyBazaarnew.validatePolicyUserNameusing.launchPolicyBazaar(validatePolicyUserNameusing.java:33)
at pomPolicyBazaarnew.validatePolicyUserNameusing.launchPolicyBazaar(validatePolicyUserNameusing.java:33)
at pomPolicyBazaarnew.validatePolicyUserNameusing.launchPolicyBazaar(validatePolicyUserNameusing.java:33)
at pomPolicyBazaarnew.validatePolicyUserNameusing.launchPolicyBazaar(validatePolicyUserNameusing.java:33)
at pomPolicyBazaarnew.validatePolicyUserNameusing.launchPolicyBazaar(validatePolicyUserNameusing.java:33)
at pomPolicyBazaarnew.validatePolicyUserNameusing.launchPolicyBazaar(validatePolicyUserNameusing.java:33)
at pomPolicyBazaarnew.validatePolicyUserNameusing.launchPolicyBazaar(validatePolicyUserNameusing.java:33)
at pomPolicyBazaarnew.validatePolicyUserNameusing.launchPolicyBazaar(validatePolicyUserNameusing.java:33)
at pomPolicyBazaarnew.validatePolicyUserNameusing.launchPolicyBazaar(validatePolicyUserNameusing.java:33)
at pomPolicyBazaarnew.validatePolicyUserNameusing.launchPolicyBazaar(validatePolicyUserNameusing.java:33)
at pomPolicyBazaarnew.validatePolicyUserNameusing.launchPolicyBazaar(validatePolicyUserNameusing.java:33)
at pomPolicyBazaarnew.validatePolicyUserNameusing.launchPolicyBazaar(validatePolicyUserNameusing.java:33)
at pomPolicyBazaarnew.validatePolicyUserNameusing.launchPolicyBazaar(validatePolicyUserNameusing.java:33)
at pomPolicyBazaarnew.validatePolicyUserNameusing.launchPolicyBazaar(validatePolicyUserNameusing.java:33)
at pomPolicyBazaarnew.validatePolicyUserNameusing.launchPolicyBazaar(validatePolicyUserNameusing.java:33)
at pomPolicyBazaarnew.validatePolicyUserNameusing.launchPolicyBazaar(validatePolicyUserNameusing.java:33)
at pomPolicyBazaarnew.validatePolicyUserNameusing.launchPolicyBazaar(validatePolicyUserNameusing.java:33)
at pomPolicyBazaarnew.validatePolicyUserNameusing.launchPolicyBazaar(validatePolicyUserNameusing.java:33)
at pomPolicyBazaarnew.validatePolicyUserNameusing.launchPolicyBazaar(validatePolicyUserNameusing.java:33)
at pomPolicyBazaarnew.validatePolicyUserNameusing.launchPolicyBazaar(validatePolicyUserNameusing.java:33)
at pomPolicyBazaarnew.validatePolicyUserNameusing.launchPolicyBazaar(validatePolicyUserNameusing.java:33)
at pomPolicyBazaarnew.validatePolicyUserNameusing.launchPolicyBazaar(validatePolicyUserNameusing.java:33)
at pomPolicyBazaarnew.validatePolicyUserNameusing.launchPolicyBazaar(validatePolicyUserNameusing.java:33)
at pomPolicyBazaarnew.validatePolicyUserNameusing.launchPolicyBazaar(validatePolicyUserNameusing.java:33)
at pomPolicyBazaarnew.validatePolicyUserNameusing.launchPolicyBazaar(validatePolicyUserNameusing.java:33)
at pomPolicyBazaarnew.validatePolicyUserNameusing.launchPolicyBazaar(validatePolicyUserNameusing.java:33)
at pomPolicyBazaarnew.validatePolicyUserNameusing.launchPolicyBazaar(validatePolicyUserNameusing.java:33)
at pomPolicyBazaarnew.validatePolicyUserNameusing.launchPolicyBazaar(validatePolicyUserNameusing.java:33)
at pomPolicyBazaarnew.validatePolicyUserNameusing.launchPolicyBazaar(validatePolicyUserNameusing.java:33)
at pomPolicyBazaarnew.validatePolicyUserNameusing.launchPolicyBazaar(validatePolicyUserNameusing.java:33)
at pomPolicyBazaarnew.validatePolicyUserNameusing.launchPolicyBazaar(validatePolicyUserNameusing.java:33)
at pomPolicyBazaarnew.validatePolicyUserNameusing.launchPolicyBazaar(validatePolicyUserNameusing.java:33)
at pomPolicyBazaarnew.validatePolicyUserNameusing.launchPolicyBazaar(validatePolicyUserNameusing.java:33)
at pomPolicyBazaarnew.validatePolicyUserNameusing.launchPolicyBazaar(validatePolicyUserNameusing.java:33)
at pomPolicyBazaarnew.validatePolicyUserNameusing.launchPolicyBazaar(validatePolicyUserNameusing.java:33)
at pomPolicyBazaarnew.validatePolicyUserNameusing.launchPolicyBazaar(validatePolicyUserNameusing.java:33)
at pomPolicyBazaarnew.validatePolicyUserNameusing.launchPolicyBazaar(validatePolicyUserNameusing.java:33)
at pomPolicyBazaarnew.validatePolicyUserNameusing.launchPolicyBazaar(validatePolicyUserNameusing.java:33)
at pomPolicyBazaarnew.validatePolicyUserNameusing.launchPolicyBazaar(validatePolicyUserNameusing.java:33)
at pomPolicyBazaarnew.validatePolicyUserNameusing.launchPolicyBazaar(validatePolicyUserNameusing.java:33)
at pomPolicyBazaarnew.validatePolicyUserNameusing.launchPolicyBazaar(validatePolicyUserNameusing.java:33)
at pomPolicyBazaarnew.validatePolicyUserNameusing.launchPolicyBazaar(validatePolicyUserNameusing.java:33)
at pomPolicyBazaarnew.validatePolicyUserNameusing.launchPolicyBazaar(validatePolicyUserNameusing.java:33)
at pomPolicyBazaarnew.validatePolicyUserNameusing.launchPolicyBazaar(validatePolicyUserNameusing.java:33)
at pomPolicyBazaarnew.validatePolicyUserNameusing.launchPolicyBazaar(validatePolicyUserNameusing.java:33)
at pomPolicyBazaarnew.validatePolicyUserNameusing.launchPolicyBazaar(validatePolicyUserNameusing.java:33)
at pomPolicyBazaarnew.validatePolicyUserNameusing.launchPolicyBazaar(validatePolicyUserNameusing.java:33)
at pomPolicyBazaarnew.validatePolicyUserNameusing.launchPolicyBazaar(validatePolicyUserNameusing.java:33)
at pomPolicyBazaarnew.validatePolicyUserNameusing.launchPolicyBazaar(validatePolicyUserNameusing.java:33)
at pomPolicyBazaarnew.validatePolicyUserNameusing.launchPolicyBazaar(validatePolicyUserNameusing.java:33)
at pomPolicyBazaarnew.validatePolicyUserNameusing.launchPolicyBazaar(validatePolicyUserNameusing.java:33)
at pomPolicyBazaarnew.validatePolicyUserNameusing.launchPolicyBazaar(validatePolicyUserNameusing.java:33)
at pomPolicyBazaarnew.validatePolicyUserNameusing.launchPolicyBazaar(validatePolicyUserNameusing.java:33)
at pomPolicyBazaarnew.validatePolicyUserNameusing.launchPolicyBazaar(validatePolicyUserNameusing.java:33)
at pomPolicyBazaarnew.validatePolicyUserNameusing.launchPolicyBazaar(validatePolicyUserNameusing.java:33)
at pomPolicyBazaarnew.validatePolicyUserNameusing.launchPolicyBazaar(validatePolicyUserNameusing.java:33)
at pomPolicyBazaarnew.validatePolicyUserNameusing.launchPolicyBazaar(validatePolicyUserNameusing.java:33)
at pomPolicyBazaarnew.validatePolicyUserNameusing.launchPolicyBazaar(validatePolicyUserNameusing.java:33)
at pomPolicyBazaarnew.validatePolicyUserNameusing.launchPolicyBazaar(validatePolicyUserNameusing.java:33)
at pomPolicyBazaarnew.validatePolicyUserNameusing.launchPolicyBazaar(validatePolicyUserNameusing.java:33)
at pomPolicyBazaarnew.validatePolicyUserNameusing.launchPolicyBazaar(validatePolicyUserNameusing.java:33)
at pomPolicyBazaarnew.validatePolicyUserNameusing.launchPolicyBazaar(validatePolicyUserNameusing.java:33)
at pomPolicyBazaarnew.validatePolicyUserNameusing.launchPolicyBazaar(validatePolicyUserNameusing.java:33)
at pomPolicyBazaarnew.validatePolicyUserNameusing.launchPolicyBazaar(validatePolicyUserNameusing.java:33)
at pomPolicyBazaarnew.validatePolicyUserNameusing.launchPolicyBazaar(validatePolicyUserNameusing.java:33)
at pomPolicyBazaarnew.validatePolicyUserNameusing.launchPolicyBazaar(validatePolicyUserNameusing.java:33)
at pomPolicyBazaarnew.validatePolicyUserNameusing.launchPolicyBazaar(validatePolicyUserNameusing.java:33)
at pomPolicyBazaarnew.validatePolicyUserNameusing.launchPolicyBazaar(validatePolicyUserNameusing.java:33)
at pomPolicyBazaarnew.validatePolicyUserNameusing.launchPolicyBazaar(validatePolicyUserNameusing.java:33)
at pomPolicyBazaarnew.validatePolicyUserNameusing.launchPolicyBazaar(validatePolicyUserNameusing.java:33)
at pomPolicyBazaarnew.validatePolicyUserNameusing.launchPolicyBazaar(validatePolicyUserNameusing.java:33)
at pomPolicyBazaarnew.validatePolicyUserNameusing.launchPolicyBazaar(validatePolicyUserNameusing.java:33)
at pomPolicyBazaarnew.validatePolicyUserNameusing.launchPolicyBazaar(validatePolicyUserNameusing.java:33)
at pomPolicyBazaarnew.validatePolicyUserNameusing.launchPolicyBazaar(validatePolicyUserNameusing.java:33)
at pomPolicyBazaarnew.validatePolicyUserNameusing.launchPolicyBazaar(validatePolicyUserNameusing.java:33)
at pomPolicyBazaarnew.validatePolicyUserNameusing.launchPolicyBazaar(validatePolicyUserNameusing.java:33)
at pomPolicyBazaarnew.validatePolicyUserNameusing.launchPolicyBazaar(validatePolicyUserNameusing.java:33)
at pomPolicyBazaarnew.validatePolicyUserNameusing.launchPolicyBazaar(validatePolicyUserNameusing.java:33)
at pomPolicyBazaarnew.validatePolicyUserNameusing.launchPolicyBazaar(validatePolicyUserNameusing.java:33)
at pomPolicyBazaarnew.validatePolicyUserNameusing.launchPolicyBazaar(validatePolicyUserNameusing.java:33)
at pomPolicyBazaarnew.validatePolicyUserNameusing.launchPolicyBazaar(validatePolicyUserNameusing.java:33)
at pomPolicyBazaarnew.validatePolicyUserNameusing.launchPolicyBazaar(validatePolicyUserNameusing.java:33)
at pomPolicyBazaarnew.validatePolicyUserNameusing.launchPolicyBazaar(validatePolicyUserNameusing.java:33)
at pomPolicyBazaarnew.validatePolicyUserNameusing.launchPolicyBazaar(validatePolicyUserNameusing.java:33)
at pomPolicyBazaarnew.validatePolicyUserNameusing.launchPolicyBazaar(validatePolicyUserNameusing.java:33)
at pomPolicyBazaarnew.validatePolicyUserNameusing.launchPolicyBazaar(validatePolicyUserNameusing.java:33)
at pomPolicyBazaarnew.validatePolicyUserNameusing.launchPolicyBazaar(validatePolicyUserNameusing.java:33)
at pomPolicyBazaarnew.validatePolicyUserNameusing.launchPolicyBazaar(validatePolicyUserNameusing.java:33)
at pomPolicyBazaarnew.validatePolicyUserNameusing.launchPolicyBazaar(validatePolicyUserNameusing.java:33)
at pomPolicyBazaarnew.validatePolicyUserNameusing.launchPolicyBazaar(validatePolicyUserNameusing.java:33)
at pomPolicyBazaarnew.validatePolicyUserNameusing.launchPolicyBazaar(validatePolicyUserNameusing.java:33)
at pomPolicyBazaarnew.validatePolicyUserNameusing.launchPolicyBazaar(validatePolicyUserNameusing.java:33)
at pomPolicyBazaarnew.validatePolicyUserNameusing.launchPolicyBazaar(validatePolicyUserNameusing.java:33)
at pomPolicyBazaarnew.validatePolicyUserNameusing.launchPolicyBazaar(validatePolicyUserNameusing.java:33)
at pomPolicyBazaarnew.validatePolicyUserNameusing.launchPolicyBazaar(validatePolicyUserNameusing.java:33)
at pomPolicyBazaarnew.validatePolicyUserNameusing.launchPolicyBazaar(validatePolicyUserNameusing.java:33)
at pomPolicyBazaarnew.validatePolicyUserNameusing.launchPolicyBazaar(validatePolicyUserNameusing.java:33)
at pomPolicyBazaarnew.validatePolicyUserNameusing.launchPolicyBazaar(validatePolicyUserNameusing.java:33)
at pomPolicyBazaarnew.validatePolicyUserNameusing.launchPolicyBazaar(validatePolicyUserNameusing.java:33)
at pomPolicyBazaarnew.validatePolicyUserNameusing.launchPolicyBazaar(validatePolicyUserNameusing.java:33)
at pomPolicyBazaarnew.validatePolicyUserNameusing.launchPolicyBazaar(validatePolicyUserNameusing.java:33)
at pomPolicyBazaarnew.validatePolicyUserNameusing.launchPolicyBazaar(validatePolicyUserNameusing.java:33)
at pomPolicyBazaarnew.validatePolicyUserNameusing.launchPolicyBazaar(validatePolicyUserNameusing.java:33)
at pomPolicyBazaarnew.validatePolicyUserNameusing.launchPolicyBazaar(validatePolicyUserNameusing.java:33)
at pomPolicyBazaarnew.validatePolicyUserNameusing.launchPolicyBazaar(validatePolicyUserNameusing.java:33)
at pomPolicyBazaarnew.validatePolicyUserNameusing.launchPolicyBazaar(validatePolicyUserNameusing.java:33)
at pomPolicyBazaarnew.validatePolicyUserNameusing.launchPolicyBazaar(validatePolicyUserNameusing.java:33)
at pomPolicyBazaarnew.validatePolicyUserNameusing.launchPolicyBazaar(validatePolicyUserNameusing.java:33)
at pomPolicyBazaarnew.validatePolicyUserNameusing.launchPolicyBazaar(validatePolicyUserNameusing.java:33)
at pomPolicyBazaarnew.validatePolicyUserNameusing.launchPolicyBazaar(validatePolicyUserNameusing.java:33)
at pomPolicyBazaarnew.validatePolicyUserNameusing.launchPolicyBazaar(validatePolicyUserNameusing.java:33)
at pomPolicyBazaarnew.validatePolicyUserNameusing.launchPolicyBazaar(validatePolicyUserNameusing.java:33)
at pomPolicyBazaarnew.validatePolicyUserNameusing.launchPolicyBazaar(validatePolicyUserNameusing.java:33)
at pomPolicyBazaarnew.validatePolicyUserNameusing.launchPolicyBazaar(validatePolicyUserNameusing.java:33)
at pomPolicyBazaarnew.validatePolicyUserNameusing.launchPolicyBazaar(validatePolicyUserNameusing.java:33)
at pomPolicyBazaarnew.validatePolicyUserNameusing.launchPolicyBazaar(validatePolicyUserNameusing.java:33)
at pomPolicyBazaarnew.validatePolicyUserNameusing.launchPolicyBazaar(validatePolicyUserNameusing.java:33)
at pomPolicyBazaarnew.validatePolicyUserNameusing.launchPolicyBazaar(validatePolicyUserNameusing.java:33)
at pomPolicyBazaarnew.validatePolicyUserNameusing.launchPolicyBazaar(validatePolicyUserNameusing.java:33)
at pomPolicyBazaarnew.validatePolicyUserNameusing.launchPolicyBazaar(validatePolicyUserNameusing.java:33)
at pomPolicyBazaarnew.validatePolicyUserNameusing.launchPolicyBazaar(validatePolicyUserNameusing.java:33)
at pomPolicyBazaarnew.validatePolicyUserNameusing.launchPolicyBazaar(validatePolicyUserNameusing.java:33)
at pomPolicyBazaarnew.validatePolicyUserNameusing.launchPolicyBazaar(validatePolicyUserNameusing.java:33)
at pomPolicyBazaarnew.validatePolicyUserNameusing.launchPolicyBazaar(validatePolicyUserNameusing.java:33)
at pomPolicyBazaarnew.validatePolicyUserNameusing.launchPolicyBazaar(validatePolicyUserNameusing.java:33)
at pomPolicyBazaarnew.validatePolicyUserNameusing.launchPolicyBazaar(validatePolicyUserNameusing.java:33)
at pomPolicyBazaarnew.validatePolicyUserNameusing.launchPolicyBazaar(validatePolicyUserNameusing.java:33)
at pomPolicyBazaarnew.validatePolicyUserNameusing.launchPolicyBazaar(validatePolicyUserNameusing.java:33)
at pomPolicyBazaarnew.validatePolicyUserNameusing.launchPolicyBazaar(validatePolicyUserNameusing.java:33)
at pomPolicyBazaarnew.validatePolicyUserNameusing.launchPolicyBazaar(validatePolicyUserNameusing.java:33)
at pomPolicyBazaarnew.validatePolicyUserNameusing.launchPolicyBazaar(validatePolicyUserNameusing.java:33)
at pomPolicyBazaarnew.validatePolicyUserNameusing.launchPolicyBazaar(validatePolicyUserNameusing.java:33)
at pomPolicyBazaarnew.validatePolicyUserNameusing.launchPolicyBazaar(validatePolicyUserNameusing.java:33)
at pomPolicyBazaarnew.validatePolicyUserNameusing.launchPolicyBazaar(validatePolicyUserNameusing.java:33)
at pomPolicyBazaarnew.validatePolicyUserNameusing.launchPolicyBazaar(validatePolicyUserNameusing.java:33)
at pomPolicyBazaarnew.validatePolicyUserNameusing.launchPolicyBazaar(validatePolicyUserNameusing.java:33)
at pomPolicyBazaarnew.validatePolicyUserNameusing.launchPolicyBazaar(validatePolicyUserNameusing.java:33)
at pomPolicyBazaarnew.validatePolicyUserNameusing.launchPolicyBazaar(validatePolicyUserNameusing.java:33)
at pomPolicyBazaarnew.validatePolicyUserNameusing.launchPolicyBazaar(validatePolicyUserNameusing.java:33)
at pomPolicyBazaarnew.validatePolicyUserNameusing.launchPolicyBazaar(validatePolicyUserNameusing.java:33)
at pomPolicyBazaarnew.validatePolicyUserNameusing.launchPolicyBazaar(validatePolicyUserNameusing.java:33)
at pomPolicyBazaarnew.validatePolicyUserNameusing.launchPolicyBazaar(validatePolicyUserNameusing.java:33)
at pomPolicyBazaarnew.validatePolicyUserNameusing.launchPolicyBazaar(validatePolicyUserNameusing.java:33)
at pomPolicyBazaarnew.validatePolicyUserNameusing.launchPolicyBazaar(validatePolicyUserNameusing.java:33)
at pomPolicyBazaarnew.validatePolicyUserNameusing.launchPolicyBazaar(validatePolicyUserNameusing.java:33)
at pomPolicyBazaarnew.validatePolicyUserNameusing.launchPolicyBazaar(validatePolicyUserNameusing.java:33)
at pomPolicyBazaarnew.validatePolicyUserNameusing.launchPolicyBazaar(validatePolicyUserNameusing.java:33)
at pomPolicyBazaarnew.validatePolicyUserNameusing.launchPolicyBazaar(validatePolicyUserNameusing.java:33)
at pomPolicyBazaarnew.validatePolicyUserNameusing.launchPolicyBazaar(validatePolicyUserNameusing.java:33)
at pomPolicyBazaarnew.validatePolicyUserNameusing.launchPolicyBazaar(validatePolicyUserNameusing.java:33)
at pomPolicyBazaarnew.validatePolicyUserNameusing.launchPolicyBazaar(validatePolicyUserNameusing.java:33)
at pomPolicyBazaarnew.validatePolicyUserNameusing.launchPolicyBazaar(validatePolicyUserNameusing.java:33)
at pomPolicyBazaarnew.validatePolicyUserNameusing.launchPolicyBazaar(validatePolicyUserNameusing.java:33)
at pomPolicyBazaarnew.validatePolicyUserNameusing.launchPolicyBazaar(validatePolicyUserNameusing.java:33)
at pomPolicyBazaarnew.validatePolicyUserNameusing.launchPolicyBazaar(validatePolicyUserNameusing.java:33)
at pomPolicyBazaarnew.validatePolicyUserNameusing.launchPolicyBazaar(validatePolicyUserNameusing.java:33)
at pomPolicyBazaarnew.validatePolicyUserNameusing.launchPolicyBazaar(validatePolicyUserNameusing.java:33)
at pomPolicyBazaarnew.validatePolicyUserNameusing.launchPolicyBazaar(validatePolicyUserNameusing.java:33)
at pomPolicyBazaarnew.validatePolicyUserNameusing.launchPolicyBazaar(validatePolicyUserNameusing.java:33)
at pomPolicyBazaarnew.validatePolicyUserNameusing.launchPolicyBazaar(validatePolicyUserNameusing.java:33)
at pomPolicyBazaarnew.validatePolicyUserNameusing.launchPolicyBazaar(validatePolicyUserNameusing.java:33)
at pomPolicyBazaarnew.validatePolicyUserNameusing.launchPolicyBazaar(validatePolicyUserNameusing.java:33)
at pomPolicyBazaarnew.validatePolicyUserNameusing.launchPolicyBazaar(validatePolicyUserNameusing.java:33)
at pomPolicyBazaarnew.validatePolicyUserNameusing.launchPolicyBazaar(validatePolicyUserNameusing.java:33)
at pomPolicyBazaarnew.validatePolicyUserNameusing.launchPolicyBazaar(validatePolicyUserNameusing.java:33)
at pomPolicyBazaarnew.validatePolicyUserNameusing.launchPolicyBazaar(validatePolicyUserNameusing.java:33)
at pomPolicyBazaarnew.validatePolicyUserNameusing.launchPolicyBazaar(validatePolicyUserNameusing.java:33)
at pomPolicyBazaarnew.validatePolicyUserNameusing.launchPolicyBazaar(validatePolicyUserNameusing.java:33)
at pomPolicyBazaarnew.validatePolicyUserNameusing.launchPolicyBazaar(validatePolicyUserNameusing.java:33)
at pomPolicyBazaarnew.validatePolicyUserNameusing.launchPolicyBazaar(validatePolicyUserNameusing.java:33)
at pomPolicyBazaarnew.validatePolicyUserNameusing.launchPolicyBazaar(validatePolicyUserNameusing.java:33)
at pomPolicyBazaarnew.validatePolicyUserNameusing.launchPolicyBazaar(validatePolicyUserNameusing.java:33)
at pomPolicyBazaarnew.validatePolicyUserNameusing.launchPolicyBazaar(validatePolicyUserNameusing.java:33)
at pomPolicyBazaarnew.validatePolicyUserNameusing.launchPolicyBazaar(validatePolicyUserNameusing.java:33)
at pomPolicyBazaarnew.validatePolicyUserNameusing.launchPolicyBazaar(validatePolicyUserNameusing.java:33)
at pomPolicyBazaarnew.validatePolicyUserNameusing.launchPolicyBazaar(validatePolicyUserNameusing.java:33)
at pomPolicyBazaarnew.validatePolicyUserNameusing.launchPolicyBazaar(validatePolicyUserNameusing.java:33)
at pomPolicyBazaarnew.validatePolicyUserNameusing.launchPolicyBazaar(validatePolicyUserNameusing.java:33)
at pomPolicyBazaarnew.validatePolicyUserNameusing.launchPolicyBazaar(validatePolicyUserNameusing.java:33)
at pomPolicyBazaarnew.validatePolicyUserNameusing.launchPolicyBazaar(validatePolicyUserNameusing.java:33)
at pomPolicyBazaarnew.validatePolicyUserNameusing.launchPolicyBazaar(validatePolicyUserNameusing.java:33)
at pomPolicyBazaarnew.validatePolicyUserNameusing.launchPolicyBazaar(validatePolicyUserNameusing.java:33)
at pomPolicyBazaarnew.validatePolicyUserNameusing.launchPolicyBazaar(validatePolicyUserNameusing.java:33)
at pomPolicyBazaarnew.validatePolicyUserNameusing.launchPolicyBazaar(validatePolicyUserNameusing.java:33)
at pomPolicyBazaarnew.validatePolicyUserNameusing.launchPolicyBazaar(validatePolicyUserNameusing.java:33)
at pomPolicyBazaarnew.validatePolicyUserNameusing.launchPolicyBazaar(validatePolicyUserNameusing.java:33)
at pomPolicyBazaarnew.validatePolicyUserNameusing.launchPolicyBazaar(validatePolicyUserNameusing.java:33)
at pomPolicyBazaarnew.validatePolicyUserNameusing.launchPolicyBazaar(validatePolicyUserNameusing.java:33)
at pomPolicyBazaarnew.validatePolicyUserNameusing.launchPolicyBazaar(validatePolicyUserNameusing.java:33)
at pomPolicyBazaarnew.validatePolicyUserNameusing.launchPolicyBazaar(validatePolicyUserNameusing.java:33)
at pomPolicyBazaarnew.validatePolicyUserNameusing.launchPolicyBazaar(validatePolicyUserNameusing.java:33)
at pomPolicyBazaarnew.validatePolicyUserNameusing.launchPolicyBazaar(validatePolicyUserNameusing.java:33)
at pomPolicyBazaarnew.validatePolicyUserNameusing.launchPolicyBazaar(validatePolicyUserNameusing.java:33)
at pomPolicyBazaarnew.validatePolicyUserNameusing.launchPolicyBazaar(validatePolicyUserNameusing.java:33)
at pomPolicyBazaarnew.validatePolicyUserNameusing.launchPolicyBazaar(validatePolicyUserNameusing.java:33)
at pomPolicyBazaarnew.validatePolicyUserNameusing.launchPolicyBazaar(validatePolicyUserNameusing.java:33)
at pomPolicyBazaarnew.validatePolicyUserNameusing.launchPolicyBazaar(validatePolicyUserNameusing.java:33)
at pomPolicyBazaarnew.validatePolicyUserNameusing.launchPolicyBazaar(validatePolicyUserNameusing.java:33)
at pomPolicyBazaarnew.validatePolicyUserNameusing.launchPolicyBazaar(validatePolicyUserNameusing.java:33)
at pomPolicyBazaarnew.validatePolicyUserNameusing.launchPolicyBazaar(validatePolicyUserNameusing.java:33)
at pomPolicyBazaarnew.validatePolicyUserNameusing.launchPolicyBazaar(validatePolicyUserNameusing.java:33)
at pomPolicyBazaarnew.validatePolicyUserNameusing.launchPolicyBazaar(validatePolicyUserNameusing.java:33)
at pomPolicyBazaarnew.validatePolicyUserNameusing.launchPolicyBazaar(validatePolicyUserNameusing.java:33)
at pomPolicyBazaarnew.validatePolicyUserNameusing.launchPolicyBazaar(validatePolicyUserNameusing.java:33)
at pomPolicyBazaarnew.validatePolicyUserNameusing.launchPolicyBazaar(validatePolicyUserNameusing.java:33)
at pomPolicyBazaarnew.validatePolicyUserNameusing.launchPolicyBazaar(validatePolicyUserNameusing.java:33)
at pomPolicyBazaarnew.validatePolicyUserNameusing.launchPolicyBazaar(validatePolicyUserNameusing.java:33)
at pomPolicyBazaarnew.validatePolicyUserNameusing.launchPolicyBazaar(validatePolicyUserNameusing.java:33)
at pomPolicyBazaarnew.validatePolicyUserNameusing.launchPolicyBazaar(validatePolicyUserNameusing.java:33)
at pomPolicyBazaarnew.validatePolicyUserNameusing.launchPolicyBazaar(validatePolicyUserNameusing.java:33)
at pomPolicyBazaarnew.validatePolicyUserNameusing.launchPolicyBazaar(validatePolicyUserNameusing.java:33)
at pomPolicyBazaarnew.validatePolicyUserNameusing.launchPolicyBazaar(validatePolicyUserNameusing.java:33)
at pomPolicyBazaarnew.validatePolicyUserNameusing.launchPolicyBazaar(validatePolicyUserNameusing.java:33)
at pomPolicyBazaarnew.validatePolicyUserNameusing.launchPolicyBazaar(validatePolicyUserNameusing.java:33)
at pomPolicyBazaarnew.validatePolicyUserNameusing.launchPolicyBazaar(validatePolicyUserNameusing.java:33)
at pomPolicyBazaarnew.validatePolicyUserNameusing.launchPolicyBazaar(validatePolicyUserNameusing.java:33)
at pomPolicyBazaarnew.validatePolicyUserNameusing.launchPolicyBazaar(validatePolicyUserNameusing.java:33)
at pomPolicyBazaarnew.validatePolicyUserNameusing.launchPolicyBazaar(validatePolicyUserNameusing.java:33)
at pomPolicyBazaarnew.validatePolicyUserNameusing.launchPolicyBazaar(validatePolicyUserNameusing.java:33)
at pomPolicyBazaarnew.validatePolicyUserNameusing.launchPolicyBazaar(validatePolicyUserNameusing.java:33)
at pomPolicyBazaarnew.validatePolicyUserNameusing.launchPolicyBazaar(validatePolicyUserNameusing.java:33)
at pomPolicyBazaarnew.validatePolicyUserNameusing.launchPolicyBazaar(validatePolicyUserNameusing.java:33)
at pomPolicyBazaarnew.validatePolicyUserNameusing.launchPolicyBazaar(validatePolicyUserNameusing.java:33)
at pomPolicyBazaarnew.validatePolicyUserNameusing.launchPolicyBazaar(validatePolicyUserNameusing.java:33)
at pomPolicyBazaarnew.validatePolicyUserNameusing.launchPolicyBazaar(validatePolicyUserNameusing.java:33)
at pomPolicyBazaarnew.validatePolicyUserNameusing.launchPolicyBazaar(validatePolicyUserNameusing.java:33)
at pomPolicyBazaarnew.validatePolicyUserNameusing.launchPolicyBazaar(validatePolicyUserNameusing.java:33)
at pomPolicyBazaarnew.validatePolicyUserNameusing.launchPolicyBazaar(validatePolicyUserNameusing.java:33)
at pomPolicyBazaarnew.validatePolicyUserNameusing.launchPolicyBazaar(validatePolicyUserNameusing.java:33)
at pomPolicyBazaarnew.validatePolicyUserNameusing.launchPolicyBazaar(validatePolicyUserNameusing.java:33)
at pomPolicyBazaarnew.validatePolicyUserNameusing.launchPolicyBazaar(validatePolicyUserNameusing.java:33)
at pomPolicyBazaarnew.validatePolicyUserNameusing.launchPolicyBazaar(validatePolicyUserNameusing.java:33)
at pomPolicyBazaarnew.validatePolicyUserNameusing.launchPolicyBazaar(validatePolicyUserNameusing.java:33)
at pomPolicyBazaarnew.validatePolicyUserNameusing.launchPolicyBazaar(validatePolicyUserNameusing.java:33)
at pomPolicyBazaarnew.validatePolicyUserNameusing.launchPolicyBazaar(validatePolicyUserNameusing.java:33)
at pomPolicyBazaarnew.validatePolicyUserNameusing.launchPolicyBazaar(validatePolicyUserNameusing.java:33)
at pomPolicyBazaarnew.validatePolicyUserNameusing.launchPolicyBazaar(validatePolicyUserNameusing.java:33)
at pomPolicyBazaarnew.validatePolicyUserNameusing.launchPolicyBazaar(validatePolicyUserNameusing.java:33)
at pomPolicyBazaarnew.validatePolicyUserNameusing.launchPolicyBazaar(validatePolicyUserNameusing.java:33)
at pomPolicyBazaarnew.validatePolicyUserNameusing.launchPolicyBazaar(validatePolicyUserNameusing.java:33)
at pomPolicyBazaarnew.validatePolicyUserNameusing.launchPolicyBazaar(validatePolicyUserNameusing.java:33)
at pomPolicyBazaarnew.validatePolicyUserNameusing.launchPolicyBazaar(validatePolicyUserNameusing.java:33)
at pomPolicyBazaarnew.validatePolicyUserNameusing.launchPolicyBazaar(validatePolicyUserNameusing.java:33)
at pomPolicyBazaarnew.validatePolicyUserNameusing.launchPolicyBazaar(validatePolicyUserNameusing.java:33)
at pomPolicyBazaarnew.validatePolicyUserNameusing.launchPolicyBazaar(validatePolicyUserNameusing.java:33)
at pomPolicyBazaarnew.validatePolicyUserNameusing.launchPolicyBazaar(validatePolicyUserNameusing.java:33)
at pomPolicyBazaarnew.validatePolicyUserNameusing.launchPolicyBazaar(validatePolicyUserNameusing.java:33)
at pomPolicyBazaarnew.validatePolicyUserNameusing.launchPolicyBazaar(validatePolicyUserNameusing.java:33)
at pomPolicyBazaarnew.validatePolicyUserNameusing.launchPolicyBazaar(validatePolicyUserNameusing.java:33)
at pomPolicyBazaarnew.validatePolicyUserNameusing.launchPolicyBazaar(validatePolicyUserNameusing.java:33)
at pomPolicyBazaarnew.validatePolicyUserNameusing.launchPolicyBazaar(validatePolicyUserNameusing.java:33)
at pomPolicyBazaarnew.validatePolicyUserNameusing.launchPolicyBazaar(validatePolicyUserNameusing.java:33)
at pomPolicyBazaarnew.validatePolicyUserNameusing.launchPolicyBazaar(validatePolicyUserNameusing.java:33)
at pomPolicyBazaarnew.validatePolicyUserNameusing.launchPolicyBazaar(validatePolicyUserNameusing.java:33)
at pomPolicyBazaarnew.validatePolicyUserNameusing.launchPolicyBazaar(validatePolicyUserNameusing.java:33)
at pomPolicyBazaarnew.validatePolicyUserNameusing.launchPolicyBazaar(validatePolicyUserNameusing.java:33)
at pomPolicyBazaarnew.validatePolicyUserNameusing.launchPolicyBazaar(validatePolicyUserNameusing.java:33)
at pomPolicyBazaarnew.validatePolicyUserNameusing.launchPolicyBazaar(validatePolicyUserNameusing.java:33)
at pomPolicyBazaarnew.validatePolicyUserNameusing.launchPolicyBazaar(validatePolicyUserNameusing.java:33)
at pomPolicyBazaarnew.validatePolicyUserNameusing.launchPolicyBazaar(validatePolicyUserNameusing.java:33)
at pomPolicyBazaarnew.validatePolicyUserNameusing.launchPolicyBazaar(validatePolicyUserNameusing.java:33)
at pomPolicyBazaarnew.validatePolicyUserNameusing.launchPolicyBazaar(validatePolicyUserNameusing.java:33)
at pomPolicyBazaarnew.validatePolicyUserNameusing.launchPolicyBazaar(validatePolicyUserNameusing.java:33)
at pomPolicyBazaarnew.validatePolicyUserNameusing.launchPolicyBazaar(validatePolicyUserNameusing.java:33)
at pomPolicyBazaarnew.validatePolicyUserNameusing.launchPolicyBazaar(validatePolicyUserNameusing.java:33)
at pomPolicyBazaarnew.validatePolicyUserNameusing.launchPolicyBazaar(validatePolicyUserNameusing.java:33)
at pomPolicyBazaarnew.validatePolicyUserNameusing.launchPolicyBazaar(validatePolicyUserNameusing.java:33)
at pomPolicyBazaarnew.validatePolicyUserNameusing.launchPolicyBazaar(validatePolicyUserNameusing.java:33)
at pomPolicyBazaarnew.validatePolicyUserNameusing.launchPolicyBazaar(validatePolicyUserNameusing.java:33)
at pomPolicyBazaarnew.validatePolicyUserNameusing.launchPolicyBazaar(validatePolicyUserNameusing.java:33)
at pomPolicyBazaarnew.validatePolicyUserNameusing.launchPolicyBazaar(validatePolicyUserNameusing.java:33)
at pomPolicyBazaarnew.validatePolicyUserNameusing.launchPolicyBazaar(validatePolicyUserNameusing.java:33)
at pomPolicyBazaarnew.validatePolicyUserNameusing.launchPolicyBazaar(validatePolicyUserNameusing.java:33)
at pomPolicyBazaarnew.validatePolicyUserNameusing.launchPolicyBazaar(validatePolicyUserNameusing.java:33)
at pomPolicyBazaarnew.validatePolicyUserNameusing.launchPolicyBazaar(validatePolicyUserNameusing.java:33)
at pomPolicyBazaarnew.validatePolicyUserNameusing.launchPolicyBazaar(validatePolicyUserNameusing.java:33)
at pomPolicyBazaarnew.validatePolicyUserNameusing.launchPolicyBazaar(validatePolicyUserNameusing.java:33)
at pomPolicyBazaarnew.validatePolicyUserNameusing.launchPolicyBazaar(validatePolicyUserNameusing.java:33)
at pomPolicyBazaarnew.validatePolicyUserNameusing.launchPolicyBazaar(validatePolicyUserNameusing.java:33)
at pomPolicyBazaarnew.validatePolicyUserNameusing.launchPolicyBazaar(validatePolicyUserNameusing.java:33)
at pomPolicyBazaarnew.validatePolicyUserNameusing.launchPolicyBazaar(validatePolicyUserNameusing.java:33)
at pomPolicyBazaarnew.validatePolicyUserNameusing.launchPolicyBazaar(validatePolicyUserNameusing.java:33)
at pomPolicyBazaarnew.validatePolicyUserNameusing.launchPolicyBazaar(validatePolicyUserNameusing.java:33)
at pomPolicyBazaarnew.validatePolicyUserNameusing.launchPolicyBazaar(validatePolicyUserNameusing.java:33)
at pomPolicyBazaarnew.validatePolicyUserNameusing.launchPolicyBazaar(validatePolicyUserNameusing.java:33)
at pomPolicyBazaarnew.validatePolicyUserNameusing.launchPolicyBazaar(validatePolicyUserNameusing.java:33)
at pomPolicyBazaarnew.validatePolicyUserNameusing.launchPolicyBazaar(validatePolicyUserNameusing.java:33)
at pomPolicyBazaarnew.validatePolicyUserNameusing.launchPolicyBazaar(validatePolicyUserNameusing.java:33)
at pomPolicyBazaarnew.validatePolicyUserNameusing.launchPolicyBazaar(validatePolicyUserNameusing.java:33)
at pomPolicyBazaarnew.validatePolicyUserNameusing.launchPolicyBazaar(validatePolicyUserNameusing.java:33)
at pomPolicyBazaarnew.validatePolicyUserNameusing.launchPolicyBazaar(validatePolicyUserNameusing.java:33)
at pomPolicyBazaarnew.validatePolicyUserNameusing.launchPolicyBazaar(validatePolicyUserNameusing.java:33)
at pomPolicyBazaarnew.validatePolicyUserNameusing.launchPolicyBazaar(validatePolicyUserNameusing.java:33)
at pomPolicyBazaarnew.validatePolicyUserNameusing.launchPolicyBazaar(validatePolicyUserNameusing.java:33)
at pomPolicyBazaarnew.validatePolicyUserNameusing.launchPolicyBazaar(validatePolicyUserNameusing.java:33)
at pomPolicyBazaarnew.validatePolicyUserNameusing.launchPolicyBazaar(validatePolicyUserNameusing.java:33)
at pomPolicyBazaarnew.validatePolicyUserNameusing.launchPolicyBazaar(validatePolicyUserNameusing.java:33)
at pomPolicyBazaarnew.validatePolicyUserNameusing.launchPolicyBazaar(validatePolicyUserNameusing.java:33)
at pomPolicyBazaarnew.validatePolicyUserNameusing.launchPolicyBazaar(validatePolicyUserNameusing.java:33)
at pomPolicyBazaarnew.validatePolicyUserNameusing.launchPolicyBazaar(validatePolicyUserNameusing.java:33)
at pomPolicyBazaarnew.validatePolicyUserNameusing.launchPolicyBazaar(validatePolicyUserNameusing.java:33)
at pomPolicyBazaarnew.validatePolicyUserNameusing.launchPolicyBazaar(validatePolicyUserNameusing.java:33)
at pomPolicyBazaarnew.validatePolicyUserNameusing.launchPolicyBazaar(validatePolicyUserNameusing.java:33)
at pomPolicyBazaarnew.validatePolicyUserNameusing.launchPolicyBazaar(validatePolicyUserNameusing.java:33)
at pomPolicyBazaarnew.validatePolicyUserNameusing.launchPolicyBazaar(validatePolicyUserNameusing.java:33)
at pomPolicyBazaarnew.validatePolicyUserNameusing.launchPolicyBazaar(validatePolicyUserNameusing.java:33)
at pomPolicyBazaarnew.validatePolicyUserNameusing.launchPolicyBazaar(validatePolicyUserNameusing.java:33)
at pomPolicyBazaarnew.validatePolicyUserNameusing.launchPolicyBazaar(validatePolicyUserNameusing.java:33)
at pomPolicyBazaarnew.validatePolicyUserNameusing.launchPolicyBazaar(validatePolicyUserNameusing.java:33)
at pomPolicyBazaarnew.validatePolicyUserNameusing.launchPolicyBazaar(validatePolicyUserNameusing.java:33)
at pomPolicyBazaarnew.validatePolicyUserNameusing.launchPolicyBazaar(validatePolicyUserNameusing.java:33)
at pomPolicyBazaarnew.validatePolicyUserNameusing.launchPolicyBazaar(validatePolicyUserNameusing.java:33)
at pomPolicyBazaarnew.validatePolicyUserNameusing.launchPolicyBazaar(validatePolicyUserNameusing.java:33)
at pomPolicyBazaarnew.validatePolicyUserNameusing.launchPolicyBazaar(validatePolicyUserNameusing.java:33)
at pomPolicyBazaarnew.validatePolicyUserNameusing.launchPolicyBazaar(validatePolicyUserNameusing.java:33)
at pomPolicyBazaarnew.validatePolicyUserNameusing.launchPolicyBazaar(validatePolicyUserNameusing.java:33)
at pomPolicyBazaarnew.validatePolicyUserNameusing.launchPolicyBazaar(validatePolicyUserNameusing.java:33)
at pomPolicyBazaarnew.validatePolicyUserNameusing.launchPolicyBazaar(validatePolicyUserNameusing.java:33)
at pomPolicyBazaarnew.validatePolicyUserNameusing.launchPolicyBazaar(validatePolicyUserNameusing.java:33)
at pomPolicyBazaarnew.validatePolicyUserNameusing.launchPolicyBazaar(validatePolicyUserNameusing.java:33)
at pomPolicyBazaarnew.validatePolicyUserNameusing.launchPolicyBazaar(validatePolicyUserNameusing.java:33)
at pomPolicyBazaarnew.validatePolicyUserNameusing.launchPolicyBazaar(validatePolicyUserNameusing.java:33)
at pomPolicyBazaarnew.validatePolicyUserNameusing.launchPolicyBazaar(validatePolicyUserNameusing.java:33)
at pomPolicyBazaarnew.validatePolicyUserNameusing.launchPolicyBazaar(validatePolicyUserNameusing.java:33)
at pomPolicyBazaarnew.validatePolicyUserNameusing.launchPolicyBazaar(validatePolicyUserNameusing.java:33)
at pomPolicyBazaarnew.validatePolicyUserNameusing.launchPolicyBazaar(validatePolicyUserNameusing.java:33)
at pomPolicyBazaarnew.validatePolicyUserNameusing.launchPolicyBazaar(validatePolicyUserNameusing.java:33)
at pomPolicyBazaarnew.validatePolicyUserNameusing.launchPolicyBazaar(validatePolicyUserNameusing.java:33)
at pomPolicyBazaarnew.validatePolicyUserNameusing.launchPolicyBazaar(validatePolicyUserNameusing.java:33)
at pomPolicyBazaarnew.validatePolicyUserNameusing.launchPolicyBazaar(validatePolicyUserNameusing.java:33)
at pomPolicyBazaarnew.validatePolicyUserNameusing.launchPolicyBazaar(validatePolicyUserNameusing.java:33)
at pomPolicyBazaarnew.validatePolicyUserNameusing.launchPolicyBazaar(validatePolicyUserNameusing.java:33)
at pomPolicyBazaarnew.validatePolicyUserNameusing.launchPolicyBazaar(validatePolicyUserNameusing.java:33)
at pomPolicyBazaarnew.validatePolicyUserNameusing.launchPolicyBazaar(validatePolicyUserNameusing.java:33)
at pomPolicyBazaarnew.validatePolicyUserNameusing.launchPolicyBazaar(validatePolicyUserNameusing.java:33)
at pomPolicyBazaarnew.validatePolicyUserNameusing.launchPolicyBazaar(validatePolicyUserNameusing.java:33)
at pomPolicyBazaarnew.validatePolicyUserNameusing.launchPolicyBazaar(validatePolicyUserNameusing.java:33)
at pomPolicyBazaarnew.validatePolicyUserNameusing.launchPolicyBazaar(validatePolicyUserNameusing.java:33)
at pomPolicyBazaarnew.validatePolicyUserNameusing.launchPolicyBazaar(validatePolicyUserNameusing.java:33)
at pomPolicyBazaarnew.validatePolicyUserNameusing.launchPolicyBazaar(validatePolicyUserNameusing.java:33)
at pomPolicyBazaarnew.validatePolicyUserNameusing.launchPolicyBazaar(validatePolicyUserNameusing.java:33)
at pomPolicyBazaarnew.validatePolicyUserNameusing.launchPolicyBazaar(validatePolicyUserNameusing.java:33)
at pomPolicyBazaarnew.validatePolicyUserNameusing.launchPolicyBazaar(validatePolicyUserNameusing.java:33)
at pomPolicyBazaarnew.validatePolicyUserNameusing.launchPolicyBazaar(validatePolicyUserNameusing.java:33)
at pomPolicyBazaarnew.validatePolicyUserNameusing.launchPolicyBazaar(validatePolicyUserNameusing.java:33)
at pomPolicyBazaarnew.validatePolicyUserNameusing.launchPolicyBazaar(validatePolicyUserNameusing.java:33)
at pomPolicyBazaarnew.validatePolicyUserNameusing.launchPolicyBazaar(validatePolicyUserNameusing.java:33)
at pomPolicyBazaarnew.validatePolicyUserNameusing.launchPolicyBazaar(validatePolicyUserNameusing.java:33)
at pomPolicyBazaarnew.validatePolicyUserNameusing.launchPolicyBazaar(validatePolicyUserNameusing.java:33)
at pomPolicyBazaarnew.validatePolicyUserNameusing.launchPolicyBazaar(validatePolicyUserNameusing.java:33)
at pomPolicyBazaarnew.validatePolicyUserNameusing.launchPolicyBazaar(validatePolicyUserNameusing.java:33)
at pomPolicyBazaarnew.validatePolicyUserNameusing.launchPolicyBazaar(validatePolicyUserNameusing.java:33)
at pomPolicyBazaarnew.validatePolicyUserNameusing.launchPolicyBazaar(validatePolicyUserNameusing.java:33)
at pomPolicyBazaarnew.validatePolicyUserNameusing.launchPolicyBazaar(validatePolicyUserNameusing.java:33)
at pomPolicyBazaarnew.validatePolicyUserNameusing.launchPolicyBazaar(validatePolicyUserNameusing.java:33)
at pomPolicyBazaarnew.validatePolicyUserNameusing.launchPolicyBazaar(validatePolicyUserNameusing.java:33)
at pomPolicyBazaarnew.validatePolicyUserNameusing.launchPolicyBazaar(validatePolicyUserNameusing.java:33)
at pomPolicyBazaarnew.validatePolicyUserNameusing.launchPolicyBazaar(validatePolicyUserNameusing.java:33)
at pomPolicyBazaarnew.validatePolicyUserNameusing.launchPolicyBazaar(validatePolicyUserNameusing.java:33)
at pomPolicyBazaarnew.validatePolicyUserNameusing.launchPolicyBazaar(validatePolicyUserNameusing.java:33)
at pomPolicyBazaarnew.validatePolicyUserNameusing.launchPolicyBazaar(validatePolicyUserNameusing.java:33)
at pomPolicyBazaarnew.validatePolicyUserNameusing.launchPolicyBazaar(validatePolicyUserNameusing.java:33)
at pomPolicyBazaarnew.validatePolicyUserNameusing.launchPolicyBazaar(validatePolicyUserNameusing.java:33)
at pomPolicyBazaarnew.validatePolicyUserNameusing.launchPolicyBazaar(validatePolicyUserNameusing.java:33)
at pomPolicyBazaarnew.validatePolicyUserNameusing.launchPolicyBazaar(validatePolicyUserNameusing.java:33)
at pomPolicyBazaarnew.validatePolicyUserNameusing.launchPolicyBazaar(validatePolicyUserNameusing.java:33)
at pomPolicyBazaarnew.validatePolicyUserNameusing.launchPolicyBazaar(validatePolicyUserNameusing.java:33)
at pomPolicyBazaarnew.validatePolicyUserNameusing.launchPolicyBazaar(validatePolicyUserNameusing.java:33)
at pomPolicyBazaarnew.validatePolicyUserNameusing.launchPolicyBazaar(validatePolicyUserNameusing.java:33)
at pomPolicyBazaarnew.validatePolicyUserNameusing.launchPolicyBazaar(validatePolicyUserNameusing.java:33)
at pomPolicyBazaarnew.validatePolicyUserNameusing.launchPolicyBazaar(validatePolicyUserNameusing.java:33)
at pomPolicyBazaarnew.validatePolicyUserNameusing.launchPolicyBazaar(validatePolicyUserNameusing.java:33)
at pomPolicyBazaarnew.validatePolicyUserNameusing.launchPolicyBazaar(validatePolicyUserNameusing.java:33)
at pomPolicyBazaarnew.validatePolicyUserNameusing.launchPolicyBazaar(validatePolicyUserNameusing.java:33)
at pomPolicyBazaarnew.validatePolicyUserNameusing.launchPolicyBazaar(validatePolicyUserNameusing.java:33)
at pomPolicyBazaarnew.validatePolicyUserNameusing.launchPolicyBazaar(validatePolicyUserNameusing.java:33)
at pomPolicyBazaarnew.validatePolicyUserNameusing.launchPolicyBazaar(validatePolicyUserNameusing.java:33)
at pomPolicyBazaarnew.validatePolicyUserNameusing.launchPolicyBazaar(validatePolicyUserNameusing.java:33)
at pomPolicyBazaarnew.validatePolicyUserNameusing.launchPolicyBazaar(validatePolicyUserNameusing.java:33)
at pomPolicyBazaarnew.validatePolicyUserNameusing.launchPolicyBazaar(validatePolicyUserNameusing.java:33)
at pomPolicyBazaarnew.validatePolicyUserNameusing.launchPolicyBazaar(validatePolicyUserNameusing.java:33)
at pomPolicyBazaarnew.validatePolicyUserNameusing.launchPolicyBazaar(validatePolicyUserNameusing.java:33)
at pomPolicyBazaarnew.validatePolicyUserNameusing.launchPolicyBazaar(validatePolicyUserNameusing.java:33)
at pomPolicyBazaarnew.validatePolicyUserNameusing.launchPolicyBazaar(validatePolicyUserNameusing.java:33)
at pomPolicyBazaarnew.validatePolicyUserNameusing.launchPolicyBazaar(validatePolicyUserNameusing.java:33)
at pomPolicyBazaarnew.validatePolicyUserNameusing.launchPolicyBazaar(validatePolicyUserNameusing.java:33)
at pomPolicyBazaarnew.validatePolicyUserNameusing.launchPolicyBazaar(validatePolicyUserNameusing.java:33)
at pomPolicyBazaarnew.validatePolicyUserNameusing.launchPolicyBazaar(validatePolicyUserNameusing.java:33)
at pomPolicyBazaarnew.validatePolicyUserNameusing.launchPolicyBazaar(validatePolicyUserNameusing.java:33)
at pomPolicyBazaarnew.validatePolicyUserNameusing.launchPolicyBazaar(validatePolicyUserNameusing.java:33)
at pomPolicyBazaarnew.validatePolicyUserNameusing.launchPolicyBazaar(validatePolicyUserNameusing.java:33)
at pomPolicyBazaarnew.validatePolicyUserNameusing.launchPolicyBazaar(validatePolicyUserNameusing.java:33)
at pomPolicyBazaarnew.validatePolicyUserNameusing.launchPolicyBazaar(validatePolicyUserNameusing.java:33)
at pomPolicyBazaarnew.validatePolicyUserNameusing.launchPolicyBazaar(validatePolicyUserNameusing.java:33)
at pomPolicyBazaarnew.validatePolicyUserNameusing.launchPolicyBazaar(validatePolicyUserNameusing.java:33)
at pomPolicyBazaarnew.validatePolicyUserNameusing.launchPolicyBazaar(validatePolicyUserNameusing.java:33)
at pomPolicyBazaarnew.validatePolicyUserNameusing.launchPolicyBazaar(validatePolicyUserNameusing.java:33)
at pomPolicyBazaarnew.validatePolicyUserNameusing.launchPolicyBazaar(validatePolicyUserNameusing.java:33)
at pomPolicyBazaarnew.validatePolicyUserNameusing.launchPolicyBazaar(validatePolicyUserNameusing.java:33)
at pomPolicyBazaarnew.validatePolicyUserNameusing.launchPolicyBazaar(validatePolicyUserNameusing.java:33)
at pomPolicyBazaarnew.validatePolicyUserNameusing.launchPolicyBazaar(validatePolicyUserNameusing.java:33)
at pomPolicyBazaarnew.validatePolicyUserNameusing.launchPolicyBazaar(validatePolicyUserNameusing.java:33)
at pomPolicyBazaarnew.validatePolicyUserNameusing.launchPolicyBazaar(validatePolicyUserNameusing.java:33)
at pomPolicyBazaarnew.validatePolicyUserNameusing.launchPolicyBazaar(validatePolicyUserNameusing.java:33)
at pomPolicyBazaarnew.validatePolicyUserNameusing.launchPolicyBazaar(validatePolicyUserNameusing.java:33)
at pomPolicyBazaarnew.validatePolicyUserNameusing.launchPolicyBazaar(validatePolicyUserNameusing.java:33)
at pomPolicyBazaarnew.validatePolicyUserNameusing.launchPolicyBazaar(validatePolicyUserNameusing.java:33)
at pomPolicyBazaarnew.validatePolicyUserNameusing.launchPolicyBazaar(validatePolicyUserNameusing.java:33)
at pomPolicyBazaarnew.validatePolicyUserNameusing.launchPolicyBazaar(validatePolicyUserNameusing.java:33)
at pomPolicyBazaarnew.validatePolicyUserNameusing.launchPolicyBazaar(validatePolicyUserNameusing.java:33)
at pomPolicyBazaarnew.validatePolicyUserNameusing.launchPolicyBazaar(validatePolicyUserNameusing.java:33)
at pomPolicyBazaarnew.validatePolicyUserNameusing.launchPolicyBazaar(validatePolicyUserNameusing.java:33)
at pomPolicyBazaarnew.validatePolicyUserNameusing.launchPolicyBazaar(validatePolicyUserNameusing.java:33)
at pomPolicyBazaarnew.validatePolicyUserNameusing.launchPolicyBazaar(validatePolicyUserNameusing.java:33)
at pomPolicyBazaarnew.validatePolicyUserNameusing.launchPolicyBazaar(validatePolicyUserNameusing.java:33)
at pomPolicyBazaarnew.validatePolicyUserNameusing.launchPolicyBazaar(validatePolicyUserNameusing.java:33)
at pomPolicyBazaarnew.validatePolicyUserNameusing.launchPolicyBazaar(validatePolicyUserNameusing.java:33)
at pomPolicyBazaarnew.validatePolicyUserNameusing.launchPolicyBazaar(validatePolicyUserNameusing.java:33)
at pomPolicyBazaarnew.validatePolicyUserNameusing.launchPolicyBazaar(validatePolicyUserNameusing.java:33)
at pomPolicyBazaarnew.validatePolicyUserNameusing.launchPolicyBazaar(validatePolicyUserNameusing.java:33)
at pomPolicyBazaarnew.validatePolicyUserNameusing.launchPolicyBazaar(validatePolicyUserNameusing.java:33)
at pomPolicyBazaarnew.validatePolicyUserNameusing.launchPolicyBazaar(validatePolicyUserNameusing.java:33)
at pomPolicyBazaarnew.validatePolicyUserNameusing.launchPolicyBazaar(validatePolicyUserNameusing.java:33)
at pomPolicyBazaarnew.validatePolicyUserNameusing.launchPolicyBazaar(validatePolicyUserNameusing.java:33)
at pomPolicyBazaarnew.validatePolicyUserNameusing.launchPolicyBazaar(validatePolicyUserNameusing.java:33)
at pomPolicyBazaarnew.validatePolicyUserNameusing.launchPolicyBazaar(validatePolicyUserNameusing.java:33)
at pomPolicyBazaarnew.validatePolicyUserNameusing.launchPolicyBazaar(validatePolicyUserNameusing.java:33)
at pomPolicyBazaarnew.validatePolicyUserNameusing.launchPolicyBazaar(validatePolicyUserNameusing.java:33)
at pomPolicyBazaarnew.validatePolicyUserNameusing.launchPolicyBazaar(validatePolicyUserNameusing.java:33)
at pomPolicyBazaarnew.validatePolicyUserNameusing.launchPolicyBazaar(validatePolicyUserNameusing.java:33)
at pomPolicyBazaarnew.validatePolicyUserNameusing.launchPolicyBazaar(validatePolicyUserNameusing.java:33)
at pomPolicyBazaarnew.validatePolicyUserNameusing.launchPolicyBazaar(validatePolicyUserNameusing.java:33)
at pomPolicyBazaarnew.validatePolicyUserNameusing.launchPolicyBazaar(validatePolicyUserNameusing.java:33)
at pomPolicyBazaarnew.validatePolicyUserNameusing.launchPolicyBazaar(validatePolicyUserNameusing.java:33)
at pomPolicyBazaarnew.validatePolicyUserNameusing.launchPolicyBazaar(validatePolicyUserNameusing.java:33)
at pomPolicyBazaarnew.validatePolicyUserNameusing.launchPolicyBazaar(validatePolicyUserNameusing.java:33)
at pomPolicyBazaarnew.validatePolicyUserNameusing.launchPolicyBazaar(validatePolicyUserNameusing.java:33)
at pomPolicyBazaarnew.validatePolicyUserNameusing.launchPolicyBazaar(validatePolicyUserNameusing.java:33)
at pomPolicyBazaarnew.validatePolicyUserNameusing.launchPolicyBazaar(validatePolicyUserNameusing.java:33)
at pomPolicyBazaarnew.validatePolicyUserNameusing.launchPolicyBazaar(validatePolicyUserNameusing.java:33)
at pomPolicyBazaarnew.validatePolicyUserNameusing.launchPolicyBazaar(validatePolicyUserNameusing.java:33)
at pomPolicyBazaarnew.validatePolicyUserNameusing.launchPolicyBazaar(validatePolicyUserNameusing.java:33)
at pomPolicyBazaarnew.validatePolicyUserNameusing.launchPolicyBazaar(validatePolicyUserNameusing.java:33)
at pomPolicyBazaarnew.validatePolicyUserNameusing.launchPolicyBazaar(validatePolicyUserNameusing.java:33)
at pomPolicyBazaarnew.validatePolicyUserNameusing.launchPolicyBazaar(validatePolicyUserNameusing.java:33)
at pomPolicyBazaarnew.validatePolicyUserNameusing.launchPolicyBazaar(validatePolicyUserNameusing.java:33)
at pomPolicyBazaarnew.validatePolicyUserNameusing.launchPolicyBazaar(validatePolicyUserNameusing.java:33)
at pomPolicyBazaarnew.validatePolicyUserNameusing.launchPolicyBazaar(validatePolicyUserNameusing.java:33)
at pomPolicyBazaarnew.validatePolicyUserNameusing.launchPolicyBazaar(validatePolicyUserNameusing.java:33)
at pomPolicyBazaarnew.validatePolicyUserNameusing.launchPolicyBazaar(validatePolicyUserNameusing.java:33)
at pomPolicyBazaarnew.validatePolicyUserNameusing.launchPolicyBazaar(validatePolicyUserNameusing.java:33)
at pomPolicyBazaarnew.validatePolicyUserNameusing.launchPolicyBazaar(validatePolicyUserNameusing.java:33)
at pomPolicyBazaarnew.validatePolicyUserNameusing.launchPolicyBazaar(validatePolicyUserNameusing.java:33)
at pomPolicyBazaarnew.validatePolicyUserNameusing.launchPolicyBazaar(validatePolicyUserNameusing.java:33)
at pomPolicyBazaarnew.validatePolicyUserNameusing.launchPolicyBazaar(validatePolicyUserNameusing.java:33)
at pomPolicyBazaarnew.validatePolicyUserNameusing.launchPolicyBazaar(validatePolicyUserNameusing.java:33)
at pomPolicyBazaarnew.validatePolicyUserNameusing.launchPolicyBazaar(validatePolicyUserNameusing.java:33)
at pomPolicyBazaarnew.validatePolicyUserNameusing.launchPolicyBazaar(validatePolicyUserNameusing.java:33)
at pomPolicyBazaarnew.validatePolicyUserNameusing.launchPolicyBazaar(validatePolicyUserNameusing.java:33)
at pomPolicyBazaarnew.validatePolicyUserNameusing.launchPolicyBazaar(validatePolicyUserNameusing.java:33)
at pomPolicyBazaarnew.validatePolicyUserNameusing.launchPolicyBazaar(validatePolicyUserNameusing.java:33)
at pomPolicyBazaarnew.validatePolicyUserNameusing.launchPolicyBazaar(validatePolicyUserNameusing.java:33)
at pomPolicyBazaarnew.validatePolicyUserNameusing.launchPolicyBazaar(validatePolicyUserNameusing.java:33)
at pomPolicyBazaarnew.validatePolicyUserNameusing.launchPolicyBazaar(validatePolicyUserNameusing.java:33)
at pomPolicyBazaarnew.validatePolicyUserNameusing.launchPolicyBazaar(validatePolicyUserNameusing.java:33)
at pomPolicyBazaarnew.validatePolicyUserNameusing.launchPolicyBazaar(validatePolicyUserNameusing.java:33)
at pomPolicyBazaarnew.validatePolicyUserNameusing.launchPolicyBazaar(validatePolicyUserNameusing.java:33)
at pomPolicyBazaarnew.validatePolicyUserNameusing.launchPolicyBazaar(validatePolicyUserNameusing.java:33)
at pomPolicyBazaarnew.validatePolicyUserNameusing.launchPolicyBazaar(validatePolicyUserNameusing.java:33)
at pomPolicyBazaarnew.validatePolicyUserNameusing.launchPolicyBazaar(validatePolicyUserNameusing.java:33)
at pomPolicyBazaarnew.validatePolicyUserNameusing.launchPolicyBazaar(validatePolicyUserNameusing.java:33)
at pomPolicyBazaarnew.validatePolicyUserNameusing.launchPolicyBazaar(validatePolicyUserNameusing.java:33)
at pomPolicyBazaarnew.validatePolicyUserNameusing.launchPolicyBazaar(validatePolicyUserNameusing.java:33)
at pomPolicyBazaarnew.validatePolicyUserNameusing.launchPolicyBazaar(validatePolicyUserNameusing.java:33)
at pomPolicyBazaarnew.validatePolicyUserNameusing.launchPolicyBazaar(validatePolicyUserNameusing.java:33)
at pomPolicyBazaarnew.validatePolicyUserNameusing.launchPolicyBazaar(validatePolicyUserNameusing.java:33)
at pomPolicyBazaarnew.validatePolicyUserNameusing.launchPolicyBazaar(validatePolicyUserNameusing.java:33)
at pomPolicyBazaarnew.validatePolicyUserNameusing.launchPolicyBazaar(validatePolicyUserNameusing.java:33)
at pomPolicyBazaarnew.validatePolicyUserNameusing.launchPolicyBazaar(validatePolicyUserNameusing.java:33)
at pomPolicyBazaarnew.validatePolicyUserNameusing.launchPolicyBazaar(validatePolicyUserNameusing.java:33)
at pomPolicyBazaarnew.validatePolicyUserNameusing.launchPolicyBazaar(validatePolicyUserNameusing.java:33)
at pomPolicyBazaarnew.validatePolicyUserNameusing.launchPolicyBazaar(validatePolicyUserNameusing.java:33)
at pomPolicyBazaarnew.validatePolicyUserNameusing.launchPolicyBazaar(validatePolicyUserNameusing.java:33)
at pomPolicyBazaarnew.validatePolicyUserNameusing.launchPolicyBazaar(validatePolicyUserNameusing.java:33)
at pomPolicyBazaarnew.validatePolicyUserNameusing.launchPolicyBazaar(validatePolicyUserNameusing.java:33)
at pomPolicyBazaarnew.validatePolicyUserNameusing.launchPolicyBazaar(validatePolicyUserNameusing.java:33)
at pomPolicyBazaarnew.validatePolicyUserNameusing.launchPolicyBazaar(validatePolicyUserNameusing.java:33)
at pomPolicyBazaarnew.validatePolicyUserNameusing.launchPolicyBazaar(validatePolicyUserNameusing.java:33)
at pomPolicyBazaarnew.validatePolicyUserNameusing.launchPolicyBazaar(validatePolicyUserNameusing.java:33)
at pomPolicyBazaarnew.validatePolicyUserNameusing.launchPolicyBazaar(validatePolicyUserNameusing.java:33)
at pomPolicyBazaarnew.validatePolicyUserNameusing.launchPolicyBazaar(validatePolicyUserNameusing.java:33)
at pomPolicyBazaarnew.validatePolicyUserNameusing.launchPolicyBazaar(validatePolicyUserNameusing.java:33)
at pomPolicyBazaarnew.validatePolicyUserNameusing.launchPolicyBazaar(validatePolicyUserNameusing.java:33)
at pomPolicyBazaarnew.validatePolicyUserNameusing.launchPolicyBazaar(validatePolicyUserNameusing.java:33)
at pomPolicyBazaarnew.validatePolicyUserNameusing.launchPolicyBazaar(validatePolicyUserNameusing.java:33)
at pomPolicyBazaarnew.validatePolicyUserNameusing.launchPolicyBazaar(validatePolicyUserNameusing.java:33)
at pomPolicyBazaarnew.validatePolicyUserNameusing.launchPolicyBazaar(validatePolicyUserNameusing.java:33)
at pomPolicyBazaarnew.validatePolicyUserNameusing.launchPolicyBazaar(validatePolicyUserNameusing.java:33)
at pomPolicyBazaarnew.validatePolicyUserNameusing.launchPolicyBazaar(validatePolicyUserNameusing.java:33)
at pomPolicyBazaarnew.validatePolicyUserNameusing.launchPolicyBazaar(validatePolicyUserNameusing.java:33)
at pomPolicyBazaarnew.validatePolicyUserNameusing.launchPolicyBazaar(validatePolicyUserNameusing.java:33)
at pomPolicyBazaarnew.validatePolicyUserNameusing.launchPolicyBazaar(validatePolicyUserNameusing.java:33)
at pomPolicyBazaarnew.validatePolicyUserNameusing.launchPolicyBazaar(validatePolicyUserNameusing.java:33)
at pomPolicyBazaarnew.validatePolicyUserNameusing.launchPolicyBazaar(validatePolicyUserNameusing.java:33)
at pomPolicyBazaarnew.validatePolicyUserNameusing.launchPolicyBazaar(validatePolicyUserNameusing.java:33)
at pomPolicyBazaarnew.validatePolicyUserNameusing.launchPolicyBazaar(validatePolicyUserNameusing.java:33)
at pomPolicyBazaarnew.validatePolicyUserNameusing.launchPolicyBazaar(validatePolicyUserNameusing.java:33)
at pomPolicyBazaarnew.validatePolicyUserNameusing.launchPolicyBazaar(validatePolicyUserNameusing.java:33)
at pomPolicyBazaarnew.validatePolicyUserNameusing.launchPolicyBazaar(validatePolicyUserNameusing.java:33)
at pomPolicyBazaarnew.validatePolicyUserNameusing.launchPolicyBazaar(validatePolicyUserNameusing.java:33)
at pomPolicyBazaarnew.validatePolicyUserNameusing.launchPolicyBazaar(validatePolicyUserNameusing.java:33)
at pomPolicyBazaarnew.validatePolicyUserNameusing.launchPolicyBazaar(validatePolicyUserNameusing.java:33)
at pomPolicyBazaarnew.validatePolicyUserNameusing.launchPolicyBazaar(validatePolicyUserNameusing.java:33)
at pomPolicyBazaarnew.validatePolicyUserNameusing.launchPolicyBazaar(validatePolicyUserNameusing.java:33)
at pomPolicyBazaarnew.validatePolicyUserNameusing.launchPolicyBazaar(validatePolicyUserNameusing.java:33)
at pomPolicyBazaarnew.validatePolicyUserNameusing.launchPolicyBazaar(validatePolicyUserNameusing.java:33)
at pomPolicyBazaarnew.validatePolicyUserNameusing.launchPolicyBazaar(validatePolicyUserNameusing.java:33)
at pomPolicyBazaarnew.validatePolicyUserNameusing.launchPolicyBazaar(validatePolicyUserNameusing.java:33)
at pomPolicyBazaarnew.validatePolicyUserNameusing.launchPolicyBazaar(validatePolicyUserNameusing.java:33)
at pomPolicyBazaarnew.validatePolicyUserNameusing.launchPolicyBazaar(validatePolicyUserNameusing.java:33)
at pomPolicyBazaarnew.validatePolicyUserNameusing.launchPolicyBazaar(validatePolicyUserNameusing.java:33)
at pomPolicyBazaarnew.validatePolicyUserNameusing.launchPolicyBazaar(validatePolicyUserNameusing.java:33)
at pomPolicyBazaarnew.validatePolicyUserNameusing.launchPolicyBazaar(validatePolicyUserNameusing.java:33)
at pomPolicyBazaarnew.validatePolicyUserNameusing.launchPolicyBazaar(validatePolicyUserNameusing.java:33)
at pomPolicyBazaarnew.validatePolicyUserNameusing.launchPolicyBazaar(validatePolicyUserNameusing.java:33)
at pomPolicyBazaarnew.validatePolicyUserNameusing.launchPolicyBazaar(validatePolicyUserNameusing.java:33)
at pomPolicyBazaarnew.validatePolicyUserNameusing.launchPolicyBazaar(validatePolicyUserNameusing.java:33)
at pomPolicyBazaarnew.validatePolicyUserNameusing.launchPolicyBazaar(validatePolicyUserNameusing.java:33)
at pomPolicyBazaarnew.validatePolicyUserNameusing.launchPolicyBazaar(validatePolicyUserNameusing.java:33)
at pomPolicyBazaarnew.validatePolicyUserNameusing.launchPolicyBazaar(validatePolicyUserNameusing.java:33)
at pomPolicyBazaarnew.validatePolicyUserNameusing.launchPolicyBazaar(validatePolicyUserNameusing.java:33)
at pomPolicyBazaarnew.validatePolicyUserNameusing.launchPolicyBazaar(validatePolicyUserNameusing.java:33)
at pomPolicyBazaarnew.validatePolicyUserNameusing.launchPolicyBazaar(validatePolicyUserNameusing.java:33)
at pomPolicyBazaarnew.validatePolicyUserNameusing.launchPolicyBazaar(validatePolicyUserNameusing.java:33)
at pomPolicyBazaarnew.validatePolicyUserNameusing.launchPolicyBazaar(validatePolicyUserNameusing.java:33)
at pomPolicyBazaarnew.validatePolicyUserNameusing.launchPolicyBazaar(validatePolicyUserNameusing.java:33)
at pomPolicyBazaarnew.validatePolicyUserNameusing.launchPolicyBazaar(validatePolicyUserNameusing.java:33)
at pomPolicyBazaarnew.validatePolicyUserNameusing.launchPolicyBazaar(validatePolicyUserNameusing.java:33)
at pomPolicyBazaarnew.validatePolicyUserNameusing.launchPolicyBazaar(validatePolicyUserNameusing.java:33)
at pomPolicyBazaarnew.validatePolicyUserNameusing.launchPolicyBazaar(validatePolicyUserNameusing.java:33)
at pomPolicyBazaarnew.validatePolicyUserNameusing.launchPolicyBazaar(validatePolicyUserNameusing.java:33)
at pomPolicyBazaarnew.validatePolicyUserNameusing.launchPolicyBazaar(validatePolicyUserNameusing.java:33)
at pomPolicyBazaarnew.validatePolicyUserNameusing.launchPolicyBazaar(validatePolicyUserNameusing.java:33)
at pomPolicyBazaarnew.validatePolicyUserNameusing.launchPolicyBazaar(validatePolicyUserNameusing.java:33)
at pomPolicyBazaarnew.validatePolicyUserNameusing.launchPolicyBazaar(validatePolicyUserNameusing.java:33)
at pomPolicyBazaarnew.validatePolicyUserNameusing.launchPolicyBazaar(validatePolicyUserNameusing.java:33)
at pomPolicyBazaarnew.validatePolicyUserNameusing.launchPolicyBazaar(validatePolicyUserNameusing.java:33)
at pomPolicyBazaarnew.validatePolicyUserNameusing.launchPolicyBazaar(validatePolicyUserNameusing.java:33)
at pomPolicyBazaarnew.validatePolicyUserNameusing.launchPolicyBazaar(validatePolicyUserNameusing.java:33)
at pomPolicyBazaarnew.validatePolicyUserNameusing.launchPolicyBazaar(validatePolicyUserNameusing.java:33)
at pomPolicyBazaarnew.validatePolicyUserNameusing.launchPolicyBazaar(validatePolicyUserNameusing.java:33)
at pomPolicyBazaarnew.validatePolicyUserNameusing.launchPolicyBazaar(validatePolicyUserNameusing.java:33)
at pomPolicyBazaarnew.validatePolicyUserNameusing.launchPolicyBazaar(validatePolicyUserNameusing.java:33)
at pomPolicyBazaarnew.validatePolicyUserNameusing.launchPolicyBazaar(validatePolicyUserNameusing.java:33)
at pomPolicyBazaarnew.validatePolicyUserNameusing.launchPolicyBazaar(validatePolicyUserNameusing.java:33)
at pomPolicyBazaarnew.validatePolicyUserNameusing.launchPolicyBazaar(validatePolicyUserNameusing.java:33)
at pomPolicyBazaarnew.validatePolicyUserNameusing.launchPolicyBazaar(validatePolicyUserNameusing.java:33)
at pomPolicyBazaarnew.validatePolicyUserNameusing.launchPolicyBazaar(validatePolicyUserNameusing.java:33)
at pomPolicyBazaarnew.validatePolicyUserNameusing.launchPolicyBazaar(validatePolicyUserNameusing.java:33)
at pomPolicyBazaarnew.validatePolicyUserNameusing.launchPolicyBazaar(validatePolicyUserNameusing.java:33)
at pomPolicyBazaarnew.validatePolicyUserNameusing.launchPolicyBazaar(validatePolicyUserNameusing.java:33)
at pomPolicyBazaarnew.validatePolicyUserNameusing.launchPolicyBazaar(validatePolicyUserNameusing.java:33)
at pomPolicyBazaarnew.validatePolicyUserNameusing.launchPolicyBazaar(validatePolicyUserNameusing.java:33)
at pomPolicyBazaarnew.validatePolicyUserNameusing.launchPolicyBazaar(validatePolicyUserNameusing.java:33)
at pomPolicyBazaarnew.validatePolicyUserNameusing.launchPolicyBazaar(validatePolicyUserNameusing.java:33)
at pomPolicyBazaarnew.validatePolicyUserNameusing.launchPolicyBazaar(validatePolicyUserNameusing.java:33)
at pomPolicyBazaarnew.validatePolicyUserNameusing.launchPolicyBazaar(validatePolicyUserNameusing.java:33)
at pomPolicyBazaarnew.validatePolicyUserNameusing.launchPolicyBazaar(validatePolicyUserNameusing.java:33)
at pomPolicyBazaarnew.validatePolicyUserNameusing.launchPolicyBazaar(validatePolicyUserNameusing.java:33)
at pomPolicyBazaarnew.validatePolicyUserNameusing.launchPolicyBazaar(validatePolicyUserNameusing.java:33)
at pomPolicyBazaarnew.validatePolicyUserNameusing.launchPolicyBazaar(validatePolicyUserNameusing.java:33)
at pomPolicyBazaarnew.validatePolicyUserNameusing.launchPolicyBazaar(validatePolicyUserNameusing.java:33)
at pomPolicyBazaarnew.validatePolicyUserNameusing.launchPolicyBazaar(validatePolicyUserNameusing.java:33)
at pomPolicyBazaarnew.validatePolicyUserNameusing.launchPolicyBazaar(validatePolicyUserNameusing.java:33)
at pomPolicyBazaarnew.validatePolicyUserNameusing.launchPolicyBazaar(validatePolicyUserNameusing.java:33)
[...]
at pomPolicyBazaarnew.validatePolicyUserNameusing.launchPolicyBazaar(validatePolicyUserNameusing.java:33)
at pomPolicyBazaarnew.validatePolicyUserNameusing.launchPolicyBazaar(validatePolicyUserNameusing.java:33)
at pomPolicyBazaarnew.validatePolicyUserNameusing.launchPolicyBazaar(validatePolicyUserNameusing.java:33)
at pomPolicyBazaarnew.validatePolicyUserNameusing.launchPolicyBazaar(validatePolicyUserNameusing.java:33)
at pomPolicyBazaarnew.validatePolicyUserNameusing.launchPolicyBazaar(validatePolicyUserNameusing.java:33)
at pomPolicyBazaarnew.validatePolicyUserNameusing.launchPolicyBazaar(validatePolicyUserNameusing.java:33)
at pomPolicyBazaarnew.validatePolicyUserNameusing.launchPolicyBazaar(validatePolicyUserNameusing.java:33)
at pomPolicyBazaarnew.validatePolicyUserNameusing.launchPolicyBazaar(validatePolicyUserNameusing.java:33)
at pomPolicyBazaarnew.validatePolicyUserNameusing.launchPolicyBazaar(validatePolicyUserNameusing.java:33)
at pomPolicyBazaarnew.validatePolicyUserNameusing.launchPolicyBazaar(validatePolicyUserNameusing.java:33)
at pomPolicyBazaarnew.validatePolicyUserNameusing.launchPolicyBazaar(validatePolicyUserNameusing.java:33)
at pomPolicyBazaarnew.validatePolicyUserNameusing.launchPolicyBazaar(validatePolicyUserNameusing.java:33)
at pomPolicyBazaarnew.validatePolicyUserNameusing.launchPolicyBazaar(validatePolicyUserNameusing.java:33)
at pomPolicyBazaarnew.validatePolicyUserNameusing.launchPolicyBazaar(validatePolicyUserNameusing.java:33)
at pomPolicyBazaarnew.validatePolicyUserNameusing.launchPolicyBazaar(validatePolicyUserNameusing.java:33)
at pomPolicyBazaarnew.validatePolicyUserNameusing.launchPolicyBazaar(validatePolicyUserNameusing.java:33)
at pomPolicyBazaarnew.validatePolicyUserNameusing.launchPolicyBazaar(validatePolicyUserNameusing.java:33)
at pomPolicyBazaarnew.validatePolicyUserNameusing.launchPolicyBazaar(validatePolicyUserNameusing.java:33)
at pomPolicyBazaarnew.validatePolicyUserNameusing.launchPolicyBazaar(validatePolicyUserNameusing.java:33)
at pomPolicyBazaarnew.validatePolicyUserNameusing.launchPolicyBazaar(validatePolicyUserNameusing.java:33)
at pomPolicyBazaarnew.validatePolicyUserNameusing.launchPolicyBazaar(validatePolicyUserNameusing.java:33)
at pomPolicyBazaarnew.validatePolicyUserNameusing.launchPolicyBazaar(validatePolicyUserNameusing.java:33)
at pomPolicyBazaarnew.validatePolicyUserNameusing.launchPolicyBazaar(validatePolicyUserNameusing.java:33)
at pomPolicyBazaarnew.validatePolicyUserNameusing.launchPolicyBazaar(validatePolicyUserNameusing.java:33)
at pomPolicyBazaarnew.validatePolicyUserNameusing.launchPolicyBazaar(validatePolicyUserNameusing.java:33)
at pomPolicyBazaarnew.validatePolicyUserNameusing.launchPolicyBazaar(validatePolicyUserNameusing.java:33)
at pomPolicyBazaarnew.validatePolicyUserNameusing.launchPolicyBazaar(validatePolicyUserNameusing.java:33)
at pomPolicyBazaarnew.validatePolicyUserNameusing.launchPolicyBazaar(validatePolicyUserNameusing.java:33)
at pomPolicyBazaarnew.validatePolicyUserNameusing.launchPolicyBazaar(validatePolicyUserNameusing.java:33)
at pomPolicyBazaarnew.validatePolicyUserNameusing.launchPolicyBazaar(validatePolicyUserNameusing.java:33)
at pomPolicyBazaarnew.validatePolicyUserNameusing.launchPolicyBazaar(validatePolicyUserNameusing.java:33)
at pomPolicyBazaarnew.validatePolicyUserNameusing.launchPolicyBazaar(validatePolicyUserNameusing.java:33)
at pomPolicyBazaarnew.validatePolicyUserNameusing.launchPolicyBazaar(validatePolicyUserNameusing.java:33)
at pomPolicyBazaarnew.validatePolicyUserNameusing.launchPolicyBazaar(validatePolicyUserNameusing.java:33)
at pomPolicyBazaarnew.validatePolicyUserNameusing.launchPolicyBazaar(validatePolicyUserNameusing.java:33)
at pomPolicyBazaarnew.validatePolicyUserNameusing.launchPolicyBazaar(validatePolicyUserNameusing.java:33)
at pomPolicyBazaarnew.validatePolicyUserNameusing.launchPolicyBazaar(validatePolicyUserNameusing.java:33)
at pomPolicyBazaarnew.validatePolicyUserNameusing.launchPolicyBazaar(validatePolicyUserNameusing.java:33)
at pomPolicyBazaarnew.validatePolicyUserNameusing.launchPolicyBazaar(validatePolicyUserNameusing.java:33)
at pomPolicyBazaarnew.validatePolicyUserNameusing.launchPolicyBazaar(validatePolicyUserNameusing.java:33)
at pomPolicyBazaarnew.validatePolicyUserNameusing.launchPolicyBazaar(validatePolicyUserNameusing.java:33)
at pomPolicyBazaarnew.validatePolicyUserNameusing.launchPolicyBazaar(validatePolicyUserNameusing.java:33)
at pomPolicyBazaarnew.validatePolicyUserNameusing.launchPolicyBazaar(validatePolicyUserNameusing.java:33)
at pomPolicyBazaarnew.validatePolicyUserNameusing.launchPolicyBazaar(validatePolicyUserNameusing.java:33)
at pomPolicyBazaarnew.validatePolicyUserNameusing.launchPolicyBazaar(validatePolicyUserNameusing.java:33)
at pomPolicyBazaarnew.validatePolicyUserNameusing.launchPolicyBazaar(validatePolicyUserNameusing.java:33)
at pomPolicyBazaarnew.validatePolicyUserNameusing.launchPolicyBazaar(validatePolicyUserNameusing.java:33)
at pomPolicyBazaarnew.validatePolicyUserNameusing.launchPolicyBazaar(validatePolicyUserNameusing.java:33)
at pomPolicyBazaarnew.validatePolicyUserNameusing.launchPolicyBazaar(validatePolicyUserNameusing.java:33)
at pomPolicyBazaarnew.validatePolicyUserNameusing.launchPolicyBazaar(validatePolicyUserNameusing.java:33)
at pomPolicyBazaarnew.validatePolicyUserNameusing.launchPolicyBazaar(validatePolicyUserNameusing.java:33)
at pomPolicyBazaarnew.validatePolicyUserNameusing.launchPolicyBazaar(validatePolicyUserNameusing.java:33)
at pomPolicyBazaarnew.validatePolicyUserNameusing.launchPolicyBazaar(validatePolicyUserNameusing.java:33)
at pomPolicyBazaarnew.validatePolicyUserNameusing.launchPolicyBazaar(validatePolicyUserNameusing.java:33)
at pomPolicyBazaarnew.validatePolicyUserNameusing.launchPolicyBazaar(validatePolicyUserNameusing.java:33)
at pomPolicyBazaarnew.validatePolicyUserNameusing.launchPolicyBazaar(validatePolicyUserNameusing.java:33)
at pomPolicyBazaarnew.validatePolicyUserNameusing.launchPolicyBazaar(validatePolicyUserNameusing.java:33)
at pomPolicyBazaarnew.validatePolicyUserNameusing.launchPolicyBazaar(validatePolicyUserNameusing.java:33)
at pomPolicyBazaarnew.validatePolicyUserNameusing.launchPolicyBazaar(validatePolicyUserNameusing.java:33)
at pomPolicyBazaarnew.validatePolicyUserNameusing.launchPolicyBazaar(validatePolicyUserNameusing.java:33)
at pomPolicyBazaarnew.validatePolicyUserNameusing.launchPolicyBazaar(validatePolicyUserNameusing.java:33)
at pomPolicyBazaarnew.validatePolicyUserNameusing.launchPolicyBazaar(validatePolicyUserNameusing.java:33)
at pomPolicyBazaarnew.validatePolicyUserNameusing.launchPolicyBazaar(validatePolicyUserNameusing.java:33)
at pomPolicyBazaarnew.validatePolicyUserNameusing.launchPolicyBazaar(validatePolicyUserNameusing.java:33)
at pomPolicyBazaarnew.validatePolicyUserNameusing.launchPolicyBazaar(validatePolicyUserNameusing.java:33)
at pomPolicyBazaarnew.validatePolicyUserNameusing.launchPolicyBazaar(validatePolicyUserNameusing.java:33)
at pomPolicyBazaarnew.validatePolicyUserNameusing.launchPolicyBazaar(validatePolicyUserNameusing.java:33)
at pomPolicyBazaarnew.validatePolicyUserNameusing.launchPolicyBazaar(validatePolicyUserNameusing.java:33)
at pomPolicyBazaarnew.validatePolicyUserNameusing.launchPolicyBazaar(validatePolicyUserNameusing.java:33)
at pomPolicyBazaarnew.validatePolicyUserNameusing.launchPolicyBazaar(validatePolicyUserNameusing.java:33)
at pomPolicyBazaarnew.validatePolicyUserNameusing.launchPolicyBazaar(validatePolicyUserNameusing.java:33)
at pomPolicyBazaarnew.validatePolicyUserNameusing.launchPolicyBazaar(validatePolicyUserNameusing.java:33)
at pomPolicyBazaarnew.validatePolicyUserNameusing.launchPolicyBazaar(validatePolicyUserNameusing.java:33)
at pomPolicyBazaarnew.validatePolicyUserNameusing.launchPolicyBazaar(validatePolicyUserNameusing.java:33)
at pomPolicyBazaarnew.validatePolicyUserNameusing.launchPolicyBazaar(validatePolicyUserNameusing.java:33)
at pomPolicyBazaarnew.validatePolicyUserNameusing.launchPolicyBazaar(validatePolicyUserNameusing.java:33)
at pomPolicyBazaarnew.validatePolicyUserNameusing.launchPolicyBazaar(validatePolicyUserNameusing.java:33)
at pomPolicyBazaarnew.validatePolicyUserNameusing.launchPolicyBazaar(validatePolicyUserNameusing.java:33)
at pomPolicyBazaarnew.validatePolicyUserNameusing.launchPolicyBazaar(validatePolicyUserNameusing.java:33)
at pomPolicyBazaarnew.validatePolicyUserNameusing.launchPolicyBazaar(validatePolicyUserNameusing.java:33)
at pomPolicyBazaarnew.validatePolicyUserNameusing.launchPolicyBazaar(validatePolicyUserNameusing.java:33)
at pomPolicyBazaarnew.validatePolicyUserNameusing.launchPolicyBazaar(validatePolicyUserNameusing.java:33)
at pomPolicyBazaarnew.validatePolicyUserNameusing.launchPolicyBazaar(validatePolicyUserNameusing.java:33)
at pomPolicyBazaarnew.validatePolicyUserNameusing.launchPolicyBazaar(validatePolicyUserNameusing.java:33)
at pomPolicyBazaarnew.validatePolicyUserNameusing.launchPolicyBazaar(validatePolicyUserNameusing.java:33)
at pomPolicyBazaarnew.validatePolicyUserNameusing.launchPolicyBazaar(validatePolicyUserNameusing.java:33)
at pomPolicyBazaarnew.validatePolicyUserNameusing.launchPolicyBazaar(validatePolicyUserNameusing.java:33)
at pomPolicyBazaarnew.validatePolicyUserNameusing.launchPolicyBazaar(validatePolicyUserNameusing.java:33)
at pomPolicyBazaarnew.validatePolicyUserNameusing.launchPolicyBazaar(validatePolicyUserNameusing.java:33)
at pomPolicyBazaarnew.validatePolicyUserNameusing.launchPolicyBazaar(validatePolicyUserNameusing.java:33)
at pomPolicyBazaarnew.validatePolicyUserNameusing.launchPolicyBazaar(validatePolicyUserNameusing.java:33)
at pomPolicyBazaarnew.validatePolicyUserNameusing.launchPolicyBazaar(validatePolicyUserNameusing.java:33)
at pomPolicyBazaarnew.validatePolicyUserNameusing.launchPolicyBazaar(validatePolicyUserNameusing.java:33)
at pomPolicyBazaarnew.validatePolicyUserNameusing.launchPolicyBazaar(validatePolicyUserNameusing.java:33)
at pomPolicyBazaarnew.validatePolicyUserNameusing.launchPolicyBazaar(validatePolicyUserNameusing.java:33)
at pomPolicyBazaarnew.validatePolicyUserNameusing.launchPolicyBazaar(validatePolicyUserNameusing.java:33)
at pomPolicyBazaarnew.validatePolicyUserNameusing.launchPolicyBazaar(validatePolicyUserNameusing.java:33)
at pomPolicyBazaarnew.validatePolicyUserNameusing.launchPolicyBazaar(validatePolicyUserNameusing.java:33)
at pomPolicyBazaarnew.validatePolicyUserNameusing.launchPolicyBazaar(validatePolicyUserNameusing.java:33)
at pomPolicyBazaarnew.validatePolicyUserNameusing.launchPolicyBazaar(validatePolicyUserNameusing.java:33)
at pomPolicyBazaarnew.validatePolicyUserNameusing.launchPolicyBazaar(validatePolicyUserNameusing.java:33)
at pomPolicyBazaarnew.validatePolicyUserNameusing.launchPolicyBazaar(validatePolicyUserNameusing.java:33)
at pomPolicyBazaarnew.validatePolicyUserNameusing.launchPolicyBazaar(validatePolicyUserNameusing.java:33)
at pomPolicyBazaarnew.validatePolicyUserNameusing.launchPolicyBazaar(validatePolicyUserNameusing.java:33)
at pomPolicyBazaarnew.validatePolicyUserNameusing.launchPolicyBazaar(validatePolicyUserNameusing.java:33)
at pomPolicyBazaarnew.validatePolicyUserNameusing.launchPolicyBazaar(validatePolicyUserNameusing.java:33)
at pomPolicyBazaarnew.validatePolicyUserNameusing.launchPolicyBazaar(validatePolicyUserNameusing.java:33)
at pomPolicyBazaarnew.validatePolicyUserNameusing.launchPolicyBazaar(validatePolicyUserNameusing.java:33)
at pomPolicyBazaarnew.validatePolicyUserNameusing.launchPolicyBazaar(validatePolicyUserNameusing.java:33)
at pomPolicyBazaarnew.validatePolicyUserNameusing.launchPolicyBazaar(validatePolicyUserNameusing.java:33)
at pomPolicyBazaarnew.validatePolicyUserNameusing.launchPolicyBazaar(validatePolicyUserNameusing.java:33)
at pomPolicyBazaarnew.validatePolicyUserNameusing.launchPolicyBazaar(validatePolicyUserNameusing.java:33)
at pomPolicyBazaarnew.validatePolicyUserNameusing.launchPolicyBazaar(validatePolicyUserNameusing.java:33)
at pomPolicyBazaarnew.validatePolicyUserNameusing.launchPolicyBazaar(validatePolicyUserNameusing.java:33)
at pomPolicyBazaarnew.validatePolicyUserNameusing.launchPolicyBazaar(validatePolicyUserNameusing.java:33)
at pomPolicyBazaarnew.validatePolicyUserNameusing.launchPolicyBazaar(validatePolicyUserNameusing.java:33)
at pomPolicyBazaarnew.validatePolicyUserNameusing.launchPolicyBazaar(validatePolicyUserNameusing.java:33)
at pomPolicyBazaarnew.validatePolicyUserNameusing.launchPolicyBazaar(validatePolicyUserNameusing.java:33)
at pomPolicyBazaarnew.validatePolicyUserNameusing.launchPolicyBazaar(validatePolicyUserNameusing.java:33)
at pomPolicyBazaarnew.validatePolicyUserNameusing.launchPolicyBazaar(validatePolicyUserNameusing.java:33)
at pomPolicyBazaarnew.validatePolicyUserNameusing.launchPolicyBazaar(validatePolicyUserNameusing.java:33)
at pomPolicyBazaarnew.validatePolicyUserNameusing.launchPolicyBazaar(validatePolicyUserNameusing.java:33)
at pomPolicyBazaarnew.validatePolicyUserNameusing.launchPolicyBazaar(validatePolicyUserNameusing.java:33)
at pomPolicyBazaarnew.validatePolicyUserNameusing.launchPolicyBazaar(validatePolicyUserNameusing.java:33)
at pomPolicyBazaarnew.validatePolicyUserNameusing.launchPolicyBazaar(validatePolicyUserNameusing.java:33)
at pomPolicyBazaarnew.validatePolicyUserNameusing.launchPolicyBazaar(validatePolicyUserNameusing.java:33)
at pomPolicyBazaarnew.validatePolicyUserNameusing.launchPolicyBazaar(validatePolicyUserNameusing.java:33)
at pomPolicyBazaarnew.validatePolicyUserNameusing.launchPolicyBazaar(validatePolicyUserNameusing.java:33)
at pomPolicyBazaarnew.validatePolicyUserNameusing.launchPolicyBazaar(validatePolicyUserNameusing.java:33)
at pomPolicyBazaarnew.validatePolicyUserNameusing.launchPolicyBazaar(validatePolicyUserNameusing.java:33)
at pomPolicyBazaarnew.validatePolicyUserNameusing.launchPolicyBazaar(validatePolicyUserNameusing.java:33)
at pomPolicyBazaarnew.validatePolicyUserNameusing.launchPolicyBazaar(validatePolicyUserNameusing.java:33)
at pomPolicyBazaarnew.validatePolicyUserNameusing.launchPolicyBazaar(validatePolicyUserNameusing.java:33)
at pomPolicyBazaarnew.validatePolicyUserNameusing.launchPolicyBazaar(validatePolicyUserNameusing.java:33)
at pomPolicyBazaarnew.validatePolicyUserNameusing.launchPolicyBazaar(validatePolicyUserNameusing.java:33)
at pomPolicyBazaarnew.validatePolicyUserNameusing.launchPolicyBazaar(validatePolicyUserNameusing.java:33)
at pomPolicyBazaarnew.validatePolicyUserNameusing.launchPolicyBazaar(validatePolicyUserNameusing.java:33)
at pomPolicyBazaarnew.validatePolicyUserNameusing.launchPolicyBazaar(validatePolicyUserNameusing.java:33)
at pomPolicyBazaarnew.validatePolicyUserNameusing.launchPolicyBazaar(validatePolicyUserNameusing.java:33)
at pomPolicyBazaarnew.validatePolicyUserNameusing.launchPolicyBazaar(validatePolicyUserNameusing.java:33)
at pomPolicyBazaarnew.validatePolicyUserNameusing.launchPolicyBazaar(validatePolicyUserNameusing.java:33)
at pomPolicyBazaarnew.validatePolicyUserNameusing.launchPolicyBazaar(validatePolicyUserNameusing.java:33)
at pomPolicyBazaarnew.validatePolicyUserNameusing.launchPolicyBazaar(validatePolicyUserNameusing.java:33)
at pomPolicyBazaarnew.validatePolicyUserNameusing.launchPolicyBazaar(validatePolicyUserNameusing.java:33)
at pomPolicyBazaarnew.validatePolicyUserNameusing.launchPolicyBazaar(validatePolicyUserNameusing.java:33)
at pomPolicyBazaarnew.validatePolicyUserNameusing.launchPolicyBazaar(validatePolicyUserNameusing.java:33)
at pomPolicyBazaarnew.validatePolicyUserNameusing.launchPolicyBazaar(validatePolicyUserNameusing.java:33)
at pomPolicyBazaarnew.validatePolicyUserNameusing.launchPolicyBazaar(validatePolicyUserNameusing.java:33)
at pomPolicyBazaarnew.validatePolicyUserNameusing.launchPolicyBazaar(validatePolicyUserNameusing.java:33)
at pomPolicyBazaarnew.validatePolicyUserNameusing.launchPolicyBazaar(validatePolicyUserNameusing.java:33)
at pomPolicyBazaarnew.validatePolicyUserNameusing.launchPolicyBazaar(validatePolicyUserNameusing.java:33)
at pomPolicyBazaarnew.validatePolicyUserNameusing.launchPolicyBazaar(validatePolicyUserNameusing.java:33)
at pomPolicyBazaarnew.validatePolicyUserNameusing.launchPolicyBazaar(validatePolicyUserNameusing.java:33)
at pomPolicyBazaarnew.validatePolicyUserNameusing.launchPolicyBazaar(validatePolicyUserNameusing.java:33)
at pomPolicyBazaarnew.validatePolicyUserNameusing.launchPolicyBazaar(validatePolicyUserNameusing.java:33)
at pomPolicyBazaarnew.validatePolicyUserNameusing.launchPolicyBazaar(validatePolicyUserNameusing.java:33)
at pomPolicyBazaarnew.validatePolicyUserNameusing.launchPolicyBazaar(validatePolicyUserNameusing.java:33)
at pomPolicyBazaarnew.validatePolicyUserNameusing.launchPolicyBazaar(validatePolicyUserNameusing.java:33)
at pomPolicyBazaarnew.validatePolicyUserNameusing.launchPolicyBazaar(validatePolicyUserNameusing.java:33)
at pomPolicyBazaarnew.validatePolicyUserNameusing.launchPolicyBazaar(validatePolicyUserNameusing.java:33)
at pomPolicyBazaarnew.validatePolicyUserNameusing.launchPolicyBazaar(validatePolicyUserNameusing.java:33)
at pomPolicyBazaarnew.validatePolicyUserNameusing.launchPolicyBazaar(validatePolicyUserNameusing.java:33)
at pomPolicyBazaarnew.validatePolicyUserNameusing.launchPolicyBazaar(validatePolicyUserNameusing.java:33)
at pomPolicyBazaarnew.validatePolicyUserNameusing.launchPolicyBazaar(validatePolicyUserNameusing.java:33)
at pomPolicyBazaarnew.validatePolicyUserNameusing.launchPolicyBazaar(validatePolicyUserNameusing.java:33)
at pomPolicyBazaarnew.validatePolicyUserNameusing.launchPolicyBazaar(validatePolicyUserNameusing.java:33)
at pomPolicyBazaarnew.validatePolicyUserNameusing.launchPolicyBazaar(validatePolicyUserNameusing.java:33)
at pomPolicyBazaarnew.validatePolicyUserNameusing.launchPolicyBazaar(validatePolicyUserNameusing.java:33)
at pomPolicyBazaarnew.validatePolicyUserNameusing.launchPolicyBazaar(validatePolicyUserNameusing.java:33)
at pomPolicyBazaarnew.validatePolicyUserNameusing.launchPolicyBazaar(validatePolicyUserNameusing.java:33)
at pomPolicyBazaarnew.validatePolicyUserNameusing.launchPolicyBazaar(validatePolicyUserNameusing.java:33)
at pomPolicyBazaarnew.validatePolicyUserNameusing.launchPolicyBazaar(validatePolicyUserNameusing.java:33)
at pomPolicyBazaarnew.validatePolicyUserNameusing.launchPolicyBazaar(validatePolicyUserNameusing.java:33)
at pomPolicyBazaarnew.validatePolicyUserNameusing.launchPolicyBazaar(validatePolicyUserNameusing.java:33)
at pomPolicyBazaarnew.validatePolicyUserNameusing.launchPolicyBazaar(validatePolicyUserNameusing.java:33)
at pomPolicyBazaarnew.validatePolicyUserNameusing.launchPolicyBazaar(validatePolicyUserNameusing.java:33)
at pomPolicyBazaarnew.validatePolicyUserNameusing.launchPolicyBazaar(validatePolicyUserNameusing.java:33)
at pomPolicyBazaarnew.validatePolicyUserNameusing.launchPolicyBazaar(validatePolicyUserNameusing.java:33)
at pomPolicyBazaarnew.validatePolicyUserNameusing.launchPolicyBazaar(validatePolicyUserNameusing.java:33)
at pomPolicyBazaarnew.validatePolicyUserNameusing.launchPolicyBazaar(validatePolicyUserNameusing.java:33)
at pomPolicyBazaarnew.validatePolicyUserNameusing.launchPolicyBazaar(validatePolicyUserNameusing.java:33)
at pomPolicyBazaarnew.validatePolicyUserNameusing.launchPolicyBazaar(validatePolicyUserNameusing.java:33)
at pomPolicyBazaarnew.validatePolicyUserNameusing.launchPolicyBazaar(validatePolicyUserNameusing.java:33)
at pomPolicyBazaarnew.validatePolicyUserNameusing.launchPolicyBazaar(validatePolicyUserNameusing.java:33)
at pomPolicyBazaarnew.validatePolicyUserNameusing.launchPolicyBazaar(validatePolicyUserNameusing.java:33)
]]>
    </error>
  </testcase> <!-- launchPolicyBazaar -->
</testsuite> <!-- pomPolicyBazaarnew.validatePolicyUserNameusing -->
